{"C:\\Users\\realj\\OneDrive\\Documents\\Projects\\Proto2\\catapulse-studio\\components\\AppFooter.tsx": {"path":"C:\\Users\\realj\\OneDrive\\Documents\\Projects\\Proto2\\catapulse-studio\\components\\AppFooter.tsx","statementMap":{"0":{"start":{"line":4,"column":35},"end":{"line":20,"column":null}},"1":{"start":{"line":6,"column":10},"end":{"line":6,"column":null}},"2":{"start":{"line":8,"column":4},"end":{"line":18,"column":null}}},"fnMap":{"0":{"name":"(anonymous_0)","decl":{"start":{"line":4,"column":35},"end":{"line":4,"column":41}},"loc":{"start":{"line":4,"column":41},"end":{"line":20,"column":null}},"line":4}},"branchMap":{},"s":{"0":0,"1":0,"2":0},"f":{"0":0},"b":{},"meta":{"lastBranch":0,"lastFunction":1,"lastStatement":3,"seen":{"s:4:35:20:Infinity":0,"f:4:35:4:41":0,"s:6:10:6:Infinity":1,"s:8:4:18:Infinity":2}}}
,"C:\\Users\\realj\\OneDrive\\Documents\\Projects\\Proto2\\catapulse-studio\\components\\AppHeader.tsx": {"path":"C:\\Users\\realj\\OneDrive\\Documents\\Projects\\Proto2\\catapulse-studio\\components\\AppHeader.tsx","statementMap":{"0":{"start":{"line":23,"column":51},"end":{"line":143,"column":null}},"1":{"start":{"line":29,"column":36},"end":{"line":29,"column":null}},"2":{"start":{"line":30,"column":32},"end":{"line":30,"column":null}},"3":{"start":{"line":32,"column":4},"end":{"line":36,"column":null}},"4":{"start":{"line":33,"column":8},"end":{"line":35,"column":null}},"5":{"start":{"line":34,"column":12},"end":{"line":34,"column":null}},"6":{"start":{"line":38,"column":29},"end":{"line":46,"column":null}},"7":{"start":{"line":39,"column":8},"end":{"line":39,"column":null}},"8":{"start":{"line":39,"column":25},"end":{"line":39,"column":null}},"9":{"start":{"line":40,"column":8},"end":{"line":44,"column":null}},"10":{"start":{"line":41,"column":12},"end":{"line":41,"column":null}},"11":{"start":{"line":43,"column":12},"end":{"line":43,"column":null}},"12":{"start":{"line":45,"column":8},"end":{"line":45,"column":null}},"13":{"start":{"line":48,"column":4},"end":{"line":48,"column":null}},"14":{"start":{"line":48,"column":21},"end":{"line":48,"column":null}},"15":{"start":{"line":50,"column":4},"end":{"line":141,"column":null}},"16":{"start":{"line":65,"column":24},"end":{"line":73,"column":null}},"17":{"start":{"line":68,"column":43},"end":{"line":68,"column":null}},"18":{"start":{"line":108,"column":45},"end":{"line":108,"column":null}},"19":{"start":{"line":111,"column":32},"end":{"line":111,"column":null}},"20":{"start":{"line":111,"column":55},"end":{"line":111,"column":null}},"21":{"start":{"line":112,"column":32},"end":{"line":115,"column":null}},"22":{"start":{"line":113,"column":36},"end":{"line":113,"column":null}},"23":{"start":{"line":114,"column":36},"end":{"line":114,"column":null}},"24":{"start":{"line":121,"column":43},"end":{"line":121,"column":null}},"25":{"start":{"line":134,"column":39},"end":{"line":134,"column":null}}},"fnMap":{"0":{"name":"(anonymous_0)","decl":{"start":{"line":23,"column":51},"end":{"line":23,"column":52}},"loc":{"start":{"line":26,"column":6},"end":{"line":143,"column":null}},"line":26},"1":{"name":"(anonymous_1)","decl":{"start":{"line":32,"column":14},"end":{"line":32,"column":20}},"loc":{"start":{"line":32,"column":20},"end":{"line":36,"column":7}},"line":32},"2":{"name":"(anonymous_2)","decl":{"start":{"line":38,"column":29},"end":{"line":38,"column":35}},"loc":{"start":{"line":38,"column":35},"end":{"line":46,"column":null}},"line":38},"3":{"name":"(anonymous_3)","decl":{"start":{"line":64,"column":26},"end":{"line":64,"column":null}},"loc":{"start":{"line":65,"column":24},"end":{"line":73,"column":null}},"line":65},"4":{"name":"(anonymous_4)","decl":{"start":{"line":68,"column":37},"end":{"line":68,"column":43}},"loc":{"start":{"line":68,"column":43},"end":{"line":68,"column":null}},"line":68},"5":{"name":"(anonymous_5)","decl":{"start":{"line":108,"column":38},"end":{"line":108,"column":39}},"loc":{"start":{"line":108,"column":45},"end":{"line":108,"column":null}},"line":108},"6":{"name":"(anonymous_6)","decl":{"start":{"line":110,"column":39},"end":{"line":110,"column":40}},"loc":{"start":{"line":110,"column":46},"end":{"line":116,"column":null}},"line":110},"7":{"name":"(anonymous_7)","decl":{"start":{"line":121,"column":37},"end":{"line":121,"column":43}},"loc":{"start":{"line":121,"column":43},"end":{"line":121,"column":null}},"line":121},"8":{"name":"(anonymous_8)","decl":{"start":{"line":134,"column":33},"end":{"line":134,"column":39}},"loc":{"start":{"line":134,"column":39},"end":{"line":134,"column":null}},"line":134}},"branchMap":{"0":{"loc":{"start":{"line":30,"column":45},"end":{"line":30,"column":67}},"type":"binary-expr","locations":[{"start":{"line":30,"column":45},"end":{"line":30,"column":65}},{"start":{"line":30,"column":65},"end":{"line":30,"column":67}}],"line":30},"1":{"loc":{"start":{"line":33,"column":8},"end":{"line":35,"column":null}},"type":"if","locations":[{"start":{"line":33,"column":8},"end":{"line":35,"column":null}},{"start":{},"end":{}}],"line":33},"2":{"loc":{"start":{"line":39,"column":8},"end":{"line":39,"column":null}},"type":"if","locations":[{"start":{"line":39,"column":8},"end":{"line":39,"column":null}},{"start":{},"end":{}}],"line":39},"3":{"loc":{"start":{"line":40,"column":8},"end":{"line":44,"column":null}},"type":"if","locations":[{"start":{"line":40,"column":8},"end":{"line":44,"column":null}},{"start":{"line":42,"column":15},"end":{"line":44,"column":null}}],"line":40},"4":{"loc":{"start":{"line":40,"column":12},"end":{"line":40,"column":61}},"type":"binary-expr","locations":[{"start":{"line":40,"column":12},"end":{"line":40,"column":31}},{"start":{"line":40,"column":31},"end":{"line":40,"column":61}}],"line":40},"5":{"loc":{"start":{"line":48,"column":4},"end":{"line":48,"column":null}},"type":"if","locations":[{"start":{"line":48,"column":4},"end":{"line":48,"column":null}},{"start":{},"end":{}}],"line":48},"6":{"loc":{"start":{"line":69,"column":122},"end":{"line":69,"column":216}},"type":"cond-expr","locations":[{"start":{"line":69,"column":145},"end":{"line":69,"column":181}},{"start":{"line":69,"column":181},"end":{"line":69,"column":216}}],"line":69},"7":{"loc":{"start":{"line":103,"column":21},"end":{"line":126,"column":null}},"type":"cond-expr","locations":[{"start":{"line":104,"column":24},"end":{"line":118,"column":null}},{"start":{"line":120,"column":24},"end":{"line":126,"column":null}}],"line":103},"8":{"loc":{"start":{"line":111,"column":32},"end":{"line":111,"column":null}},"type":"if","locations":[{"start":{"line":111,"column":32},"end":{"line":111,"column":null}},{"start":{},"end":{}}],"line":111},"9":{"loc":{"start":{"line":112,"column":32},"end":{"line":115,"column":null}},"type":"if","locations":[{"start":{"line":112,"column":32},"end":{"line":115,"column":null}},{"start":{},"end":{}}],"line":112},"10":{"loc":{"start":{"line":131,"column":17},"end":{"line":138,"column":null}},"type":"binary-expr","locations":[{"start":{"line":131,"column":17},"end":{"line":131,"column":null}},{"start":{"line":132,"column":20},"end":{"line":138,"column":null}}],"line":131},"11":{"loc":{"start":{"line":135,"column":71},"end":{"line":135,"column":155}},"type":"cond-expr","locations":[{"start":{"line":135,"column":88},"end":{"line":135,"column":121}},{"start":{"line":135,"column":121},"end":{"line":135,"column":155}}],"line":135}},"s":{"0":0,"1":0,"2":0,"3":0,"4":0,"5":0,"6":0,"7":0,"8":0,"9":0,"10":0,"11":0,"12":0,"13":0,"14":0,"15":0,"16":0,"17":0,"18":0,"19":0,"20":0,"21":0,"22":0,"23":0,"24":0,"25":0},"f":{"0":0,"1":0,"2":0,"3":0,"4":0,"5":0,"6":0,"7":0,"8":0},"b":{"0":[0,0],"1":[0,0],"2":[0,0],"3":[0,0],"4":[0,0],"5":[0,0],"6":[0,0],"7":[0,0],"8":[0,0],"9":[0,0],"10":[0,0],"11":[0,0]},"meta":{"lastBranch":12,"lastFunction":9,"lastStatement":26,"seen":{"s:23:51:143:Infinity":0,"f:23:51:23:52":0,"s:29:36:29:Infinity":1,"s:30:32:30:Infinity":2,"b:30:45:30:65:30:65:30:67":0,"s:32:4:36:Infinity":3,"f:32:14:32:20":1,"b:33:8:35:Infinity:undefined:undefined:undefined:undefined":1,"s:33:8:35:Infinity":4,"s:34:12:34:Infinity":5,"s:38:29:46:Infinity":6,"f:38:29:38:35":2,"b:39:8:39:Infinity:undefined:undefined:undefined:undefined":2,"s:39:8:39:Infinity":7,"s:39:25:39:Infinity":8,"b:40:8:44:Infinity:42:15:44:Infinity":3,"s:40:8:44:Infinity":9,"b:40:12:40:31:40:31:40:61":4,"s:41:12:41:Infinity":10,"s:43:12:43:Infinity":11,"s:45:8:45:Infinity":12,"b:48:4:48:Infinity:undefined:undefined:undefined:undefined":5,"s:48:4:48:Infinity":13,"s:48:21:48:Infinity":14,"s:50:4:141:Infinity":15,"f:64:26:64:Infinity":3,"s:65:24:73:Infinity":16,"f:68:37:68:43":4,"s:68:43:68:Infinity":17,"b:69:145:69:181:69:181:69:216":6,"b:104:24:118:Infinity:120:24:126:Infinity":7,"f:108:38:108:39":5,"s:108:45:108:Infinity":18,"f:110:39:110:40":6,"b:111:32:111:Infinity:undefined:undefined:undefined:undefined":8,"s:111:32:111:Infinity":19,"s:111:55:111:Infinity":20,"b:112:32:115:Infinity:undefined:undefined:undefined:undefined":9,"s:112:32:115:Infinity":21,"s:113:36:113:Infinity":22,"s:114:36:114:Infinity":23,"f:121:37:121:43":7,"s:121:43:121:Infinity":24,"b:131:17:131:Infinity:132:20:138:Infinity":10,"f:134:33:134:39":8,"s:134:39:134:Infinity":25,"b:135:88:135:121:135:121:135:155":11}}}
,"C:\\Users\\realj\\OneDrive\\Documents\\Projects\\Proto2\\catapulse-studio\\components\\DataDictionaryView.tsx": {"path":"C:\\Users\\realj\\OneDrive\\Documents\\Projects\\Proto2\\catapulse-studio\\components\\DataDictionaryView.tsx","statementMap":{"0":{"start":{"line":9,"column":69},"end":{"line":92,"column":null}},"1":{"start":{"line":12,"column":27},"end":{"line":30,"column":null}},"2":{"start":{"line":13,"column":74},"end":{"line":13,"column":null}},"3":{"start":{"line":14,"column":8},"end":{"line":28,"column":null}},"4":{"start":{"line":15,"column":12},"end":{"line":27,"column":null}},"5":{"start":{"line":16,"column":16},"end":{"line":26,"column":null}},"6":{"start":{"line":18,"column":32},"end":{"line":18,"column":null}},"7":{"start":{"line":19,"column":20},"end":{"line":21,"column":null}},"8":{"start":{"line":20,"column":24},"end":{"line":20,"column":null}},"9":{"start":{"line":23,"column":20},"end":{"line":25,"column":null}},"10":{"start":{"line":24,"column":24},"end":{"line":24,"column":null}},"11":{"start":{"line":29,"column":8},"end":{"line":29,"column":null}},"12":{"start":{"line":29,"column":50},"end":{"line":29,"column":96}},"13":{"start":{"line":32,"column":4},"end":{"line":90,"column":null}},"14":{"start":{"line":56,"column":32},"end":{"line":77,"column":null}},"15":{"start":{"line":71,"column":48},"end":{"line":73,"column":null}}},"fnMap":{"0":{"name":"(anonymous_0)","decl":{"start":{"line":9,"column":69},"end":{"line":9,"column":70}},"loc":{"start":{"line":9,"column":90},"end":{"line":92,"column":null}},"line":9},"1":{"name":"(anonymous_1)","decl":{"start":{"line":12,"column":41},"end":{"line":12,"column":47}},"loc":{"start":{"line":12,"column":47},"end":{"line":30,"column":7}},"line":12},"2":{"name":"(anonymous_2)","decl":{"start":{"line":14,"column":28},"end":{"line":14,"column":37}},"loc":{"start":{"line":14,"column":37},"end":{"line":28,"column":9}},"line":14},"3":{"name":"(anonymous_3)","decl":{"start":{"line":16,"column":43},"end":{"line":16,"column":49}},"loc":{"start":{"line":16,"column":49},"end":{"line":26,"column":17}},"line":16},"4":{"name":"(anonymous_4)","decl":{"start":{"line":29,"column":40},"end":{"line":29,"column":41}},"loc":{"start":{"line":29,"column":50},"end":{"line":29,"column":96}},"line":29},"5":{"name":"(anonymous_5)","decl":{"start":{"line":55,"column":48},"end":{"line":55,"column":49}},"loc":{"start":{"line":56,"column":32},"end":{"line":77,"column":null}},"line":56},"6":{"name":"(anonymous_6)","decl":{"start":{"line":70,"column":62},"end":{"line":70,"column":null}},"loc":{"start":{"line":71,"column":48},"end":{"line":73,"column":null}},"line":71}},"branchMap":{"0":{"loc":{"start":{"line":15,"column":12},"end":{"line":27,"column":null}},"type":"if","locations":[{"start":{"line":15,"column":12},"end":{"line":27,"column":null}},{"start":{},"end":{}}],"line":15},"1":{"loc":{"start":{"line":19,"column":20},"end":{"line":21,"column":null}},"type":"if","locations":[{"start":{"line":19,"column":20},"end":{"line":21,"column":null}},{"start":{},"end":{}}],"line":19},"2":{"loc":{"start":{"line":23,"column":20},"end":{"line":25,"column":null}},"type":"if","locations":[{"start":{"line":23,"column":20},"end":{"line":25,"column":null}},{"start":{},"end":{}}],"line":23},"3":{"loc":{"start":{"line":60,"column":41},"end":{"line":62,"column":null}},"type":"cond-expr","locations":[{"start":{"line":61,"column":44},"end":{"line":61,"column":null}},{"start":{"line":62,"column":44},"end":{"line":62,"column":null}}],"line":60},"4":{"loc":{"start":{"line":79,"column":29},"end":{"line":84,"column":null}},"type":"binary-expr","locations":[{"start":{"line":79,"column":29},"end":{"line":79,"column":null}},{"start":{"line":80,"column":32},"end":{"line":84,"column":null}}],"line":79}},"s":{"0":0,"1":0,"2":0,"3":0,"4":0,"5":0,"6":0,"7":0,"8":0,"9":0,"10":0,"11":0,"12":0,"13":0,"14":0,"15":0},"f":{"0":0,"1":0,"2":0,"3":0,"4":0,"5":0,"6":0},"b":{"0":[0,0],"1":[0,0],"2":[0,0],"3":[0,0],"4":[0,0]},"meta":{"lastBranch":5,"lastFunction":7,"lastStatement":16,"seen":{"s:9:69:92:Infinity":0,"f:9:69:9:70":0,"s:12:27:30:Infinity":1,"f:12:41:12:47":1,"s:13:74:13:Infinity":2,"s:14:8:28:Infinity":3,"f:14:28:14:37":2,"b:15:12:27:Infinity:undefined:undefined:undefined:undefined":0,"s:15:12:27:Infinity":4,"s:16:16:26:Infinity":5,"f:16:43:16:49":3,"s:18:32:18:Infinity":6,"b:19:20:21:Infinity:undefined:undefined:undefined:undefined":1,"s:19:20:21:Infinity":7,"s:20:24:20:Infinity":8,"b:23:20:25:Infinity:undefined:undefined:undefined:undefined":2,"s:23:20:25:Infinity":9,"s:24:24:24:Infinity":10,"s:29:8:29:Infinity":11,"f:29:40:29:41":4,"s:29:50:29:96":12,"s:32:4:90:Infinity":13,"f:55:48:55:49":5,"s:56:32:77:Infinity":14,"b:61:44:61:Infinity:62:44:62:Infinity":3,"f:70:62:70:Infinity":6,"s:71:48:73:Infinity":15,"b:79:29:79:Infinity:80:32:84:Infinity":4}}}
,"C:\\Users\\realj\\OneDrive\\Documents\\Projects\\Proto2\\catapulse-studio\\components\\EditorCanvas.tsx": {"path":"C:\\Users\\realj\\OneDrive\\Documents\\Projects\\Proto2\\catapulse-studio\\components\\EditorCanvas.tsx","statementMap":{"0":{"start":{"line":21,"column":57},"end":{"line":342,"column":null}},"1":{"start":{"line":30,"column":38},"end":{"line":30,"column":null}},"2":{"start":{"line":31,"column":10},"end":{"line":31,"column":null}},"3":{"start":{"line":34,"column":22},"end":{"line":34,"column":null}},"4":{"start":{"line":37,"column":4},"end":{"line":45,"column":null}},"5":{"start":{"line":38,"column":8},"end":{"line":44,"column":null}},"6":{"start":{"line":39,"column":12},"end":{"line":39,"column":null}},"7":{"start":{"line":43,"column":12},"end":{"line":43,"column":null}},"8":{"start":{"line":47,"column":28},"end":{"line":51,"column":null}},"9":{"start":{"line":48,"column":8},"end":{"line":48,"column":null}},"10":{"start":{"line":49,"column":8},"end":{"line":49,"column":null}},"11":{"start":{"line":50,"column":8},"end":{"line":50,"column":null}},"12":{"start":{"line":53,"column":27},"end":{"line":56,"column":null}},"13":{"start":{"line":54,"column":8},"end":{"line":54,"column":null}},"14":{"start":{"line":55,"column":8},"end":{"line":55,"column":null}},"15":{"start":{"line":58,"column":23},"end":{"line":78,"column":null}},"16":{"start":{"line":59,"column":8},"end":{"line":59,"column":null}},"17":{"start":{"line":60,"column":8},"end":{"line":60,"column":null}},"18":{"start":{"line":60,"column":26},"end":{"line":60,"column":null}},"19":{"start":{"line":62,"column":23},"end":{"line":62,"column":null}},"20":{"start":{"line":63,"column":22},"end":{"line":63,"column":null}},"21":{"start":{"line":63,"column":46},"end":{"line":63,"column":70}},"22":{"start":{"line":64,"column":8},"end":{"line":64,"column":null}},"23":{"start":{"line":64,"column":20},"end":{"line":64,"column":null}},"24":{"start":{"line":66,"column":26},"end":{"line":66,"column":null}},"25":{"start":{"line":66,"column":51},"end":{"line":66,"column":81}},"26":{"start":{"line":67,"column":26},"end":{"line":67,"column":null}},"27":{"start":{"line":67,"column":51},"end":{"line":67,"column":75}},"28":{"start":{"line":69,"column":8},"end":{"line":76,"column":null}},"29":{"start":{"line":70,"column":27},"end":{"line":70,"column":null}},"30":{"start":{"line":71,"column":12},"end":{"line":71,"column":null}},"31":{"start":{"line":72,"column":12},"end":{"line":72,"column":null}},"32":{"start":{"line":73,"column":12},"end":{"line":75,"column":null}},"33":{"start":{"line":74,"column":16},"end":{"line":74,"column":null}},"34":{"start":{"line":77,"column":8},"end":{"line":77,"column":null}},"35":{"start":{"line":80,"column":4},"end":{"line":340,"column":null}},"36":{"start":{"line":84,"column":136},"end":{"line":84,"column":160}},"37":{"start":{"line":120,"column":70},"end":{"line":125,"column":null}},"38":{"start":{"line":126,"column":51},"end":{"line":126,"column":null}},"39":{"start":{"line":127,"column":48},"end":{"line":127,"column":null}},"40":{"start":{"line":127,"column":72},"end":{"line":127,"column":96}},"41":{"start":{"line":128,"column":36},"end":{"line":128,"column":null}},"42":{"start":{"line":128,"column":45},"end":{"line":128,"column":null}},"43":{"start":{"line":129,"column":36},"end":{"line":129,"column":null}},"44":{"start":{"line":139,"column":24},"end":{"line":290,"column":null}},"45":{"start":{"line":141,"column":41},"end":{"line":141,"column":87}},"46":{"start":{"line":141,"column":49},"end":{"line":141,"column":87}},"47":{"start":{"line":149,"column":32},"end":{"line":149,"column":null}},"48":{"start":{"line":150,"column":32},"end":{"line":150,"column":null}},"49":{"start":{"line":151,"column":32},"end":{"line":151,"column":null}},"50":{"start":{"line":176,"column":55},"end":{"line":176,"column":null}},"51":{"start":{"line":177,"column":55},"end":{"line":177,"column":null}},"52":{"start":{"line":180,"column":55},"end":{"line":180,"column":null}},"53":{"start":{"line":181,"column":36},"end":{"line":186,"column":null}},"54":{"start":{"line":183,"column":58},"end":{"line":183,"column":null}},"55":{"start":{"line":183,"column":89},"end":{"line":183,"column":99}},"56":{"start":{"line":183,"column":116},"end":{"line":183,"column":128}},"57":{"start":{"line":184,"column":55},"end":{"line":184,"column":null}},"58":{"start":{"line":184,"column":75},"end":{"line":184,"column":105}},"59":{"start":{"line":185,"column":40},"end":{"line":185,"column":null}},"60":{"start":{"line":188,"column":36},"end":{"line":248,"column":null}},"61":{"start":{"line":193,"column":64},"end":{"line":193,"column":null}},"62":{"start":{"line":195,"column":59},"end":{"line":195,"column":null}},"63":{"start":{"line":197,"column":48},"end":{"line":197,"column":null}},"64":{"start":{"line":198,"column":48},"end":{"line":198,"column":null}},"65":{"start":{"line":199,"column":48},"end":{"line":199,"column":null}},"66":{"start":{"line":254,"column":40},"end":{"line":254,"column":null}},"67":{"start":{"line":255,"column":73},"end":{"line":260,"column":null}},"68":{"start":{"line":261,"column":55},"end":{"line":261,"column":null}},"69":{"start":{"line":262,"column":40},"end":{"line":262,"column":null}},"70":{"start":{"line":262,"column":64},"end":{"line":262,"column":88}},"71":{"start":{"line":262,"column":110},"end":{"line":262,"column":129}},"72":{"start":{"line":263,"column":40},"end":{"line":263,"column":null}},"73":{"start":{"line":264,"column":40},"end":{"line":264,"column":null}},"74":{"start":{"line":265,"column":40},"end":{"line":265,"column":null}},"75":{"start":{"line":269,"column":40},"end":{"line":269,"column":null}},"76":{"start":{"line":270,"column":40},"end":{"line":270,"column":null}},"77":{"start":{"line":270,"column":58},"end":{"line":270,"column":null}},"78":{"start":{"line":271,"column":55},"end":{"line":271,"column":null}},"79":{"start":{"line":272,"column":54},"end":{"line":272,"column":null}},"80":{"start":{"line":272,"column":78},"end":{"line":272,"column":102}},"81":{"start":{"line":273,"column":40},"end":{"line":273,"column":null}},"82":{"start":{"line":273,"column":52},"end":{"line":273,"column":null}},"83":{"start":{"line":274,"column":58},"end":{"line":274,"column":null}},"84":{"start":{"line":274,"column":83},"end":{"line":274,"column":113}},"85":{"start":{"line":275,"column":58},"end":{"line":275,"column":null}},"86":{"start":{"line":275,"column":83},"end":{"line":275,"column":102}},"87":{"start":{"line":276,"column":40},"end":{"line":280,"column":null}},"88":{"start":{"line":277,"column":59},"end":{"line":277,"column":null}},"89":{"start":{"line":278,"column":44},"end":{"line":278,"column":null}},"90":{"start":{"line":279,"column":44},"end":{"line":279,"column":null}},"91":{"start":{"line":281,"column":40},"end":{"line":281,"column":null}},"92":{"start":{"line":305,"column":28},"end":{"line":335,"column":null}},"93":{"start":{"line":309,"column":36},"end":{"line":330,"column":null}},"94":{"start":{"line":310,"column":73},"end":{"line":317,"column":null}},"95":{"start":{"line":318,"column":55},"end":{"line":318,"column":null}},"96":{"start":{"line":319,"column":40},"end":{"line":325,"column":null}},"97":{"start":{"line":320,"column":56},"end":{"line":320,"column":null}},"98":{"start":{"line":320,"column":79},"end":{"line":320,"column":105}},"99":{"start":{"line":321,"column":44},"end":{"line":324,"column":null}},"100":{"start":{"line":322,"column":48},"end":{"line":322,"column":null}},"101":{"start":{"line":323,"column":48},"end":{"line":323,"column":null}},"102":{"start":{"line":326,"column":40},"end":{"line":326,"column":null}},"103":{"start":{"line":327,"column":40},"end":{"line":327,"column":null}},"104":{"start":{"line":329,"column":40},"end":{"line":329,"column":null}}},"fnMap":{"0":{"name":"(anonymous_0)","decl":{"start":{"line":21,"column":57},"end":{"line":21,"column":58}},"loc":{"start":{"line":29,"column":6},"end":{"line":342,"column":null}},"line":29},"1":{"name":"(anonymous_1)","decl":{"start":{"line":37,"column":14},"end":{"line":37,"column":20}},"loc":{"start":{"line":37,"column":20},"end":{"line":45,"column":7}},"line":37},"2":{"name":"(anonymous_2)","decl":{"start":{"line":47,"column":28},"end":{"line":47,"column":29}},"loc":{"start":{"line":47,"column":86},"end":{"line":51,"column":null}},"line":47},"3":{"name":"(anonymous_3)","decl":{"start":{"line":53,"column":27},"end":{"line":53,"column":28}},"loc":{"start":{"line":53,"column":51},"end":{"line":56,"column":null}},"line":53},"4":{"name":"(anonymous_4)","decl":{"start":{"line":58,"column":23},"end":{"line":58,"column":24}},"loc":{"start":{"line":58,"column":93},"end":{"line":78,"column":null}},"line":58},"5":{"name":"(anonymous_5)","decl":{"start":{"line":63,"column":41},"end":{"line":63,"column":46}},"loc":{"start":{"line":63,"column":46},"end":{"line":63,"column":70}},"line":63},"6":{"name":"(anonymous_6)","decl":{"start":{"line":66,"column":46},"end":{"line":66,"column":51}},"loc":{"start":{"line":66,"column":51},"end":{"line":66,"column":81}},"line":66},"7":{"name":"(anonymous_7)","decl":{"start":{"line":67,"column":46},"end":{"line":67,"column":51}},"loc":{"start":{"line":67,"column":51},"end":{"line":67,"column":75}},"line":67},"8":{"name":"(anonymous_8)","decl":{"start":{"line":84,"column":131},"end":{"line":84,"column":136}},"loc":{"start":{"line":84,"column":136},"end":{"line":84,"column":160}},"line":84},"9":{"name":"(anonymous_9)","decl":{"start":{"line":119,"column":41},"end":{"line":119,"column":47}},"loc":{"start":{"line":119,"column":47},"end":{"line":130,"column":null}},"line":119},"10":{"name":"(anonymous_10)","decl":{"start":{"line":127,"column":67},"end":{"line":127,"column":72}},"loc":{"start":{"line":127,"column":72},"end":{"line":127,"column":96}},"line":127},"11":{"name":"(anonymous_11)","decl":{"start":{"line":138,"column":49},"end":{"line":138,"column":50}},"loc":{"start":{"line":139,"column":24},"end":{"line":290,"column":null}},"line":139},"12":{"name":"(anonymous_12)","decl":{"start":{"line":141,"column":33},"end":{"line":141,"column":39}},"loc":{"start":{"line":141,"column":39},"end":{"line":141,"column":null}},"line":141},"13":{"name":"(anonymous_13)","decl":{"start":{"line":148,"column":37},"end":{"line":148,"column":38}},"loc":{"start":{"line":148,"column":44},"end":{"line":152,"column":null}},"line":148},"14":{"name":"(anonymous_14)","decl":{"start":{"line":175,"column":54},"end":{"line":175,"column":55}},"loc":{"start":{"line":175,"column":74},"end":{"line":250,"column":33}},"line":175},"15":{"name":"(anonymous_15)","decl":{"start":{"line":183,"column":84},"end":{"line":183,"column":89}},"loc":{"start":{"line":183,"column":89},"end":{"line":183,"column":99}},"line":183},"16":{"name":"(anonymous_16)","decl":{"start":{"line":183,"column":109},"end":{"line":183,"column":116}},"loc":{"start":{"line":183,"column":116},"end":{"line":183,"column":128}},"line":183},"17":{"name":"(anonymous_17)","decl":{"start":{"line":184,"column":70},"end":{"line":184,"column":75}},"loc":{"start":{"line":184,"column":75},"end":{"line":184,"column":105}},"line":184},"18":{"name":"(anonymous_18)","decl":{"start":{"line":193,"column":57},"end":{"line":193,"column":58}},"loc":{"start":{"line":193,"column":64},"end":{"line":193,"column":null}},"line":193},"19":{"name":"(anonymous_19)","decl":{"start":{"line":195,"column":52},"end":{"line":195,"column":53}},"loc":{"start":{"line":195,"column":59},"end":{"line":195,"column":null}},"line":195},"20":{"name":"(anonymous_20)","decl":{"start":{"line":196,"column":53},"end":{"line":196,"column":54}},"loc":{"start":{"line":196,"column":60},"end":{"line":200,"column":null}},"line":196},"21":{"name":"(anonymous_21)","decl":{"start":{"line":220,"column":62},"end":{"line":220,"column":68}},"loc":{"start":{"line":220,"column":68},"end":{"line":220,"column":null}},"line":220},"22":{"name":"(anonymous_22)","decl":{"start":{"line":253,"column":45},"end":{"line":253,"column":46}},"loc":{"start":{"line":253,"column":52},"end":{"line":266,"column":null}},"line":253},"23":{"name":"(anonymous_23)","decl":{"start":{"line":262,"column":59},"end":{"line":262,"column":64}},"loc":{"start":{"line":262,"column":64},"end":{"line":262,"column":88}},"line":262},"24":{"name":"(anonymous_24)","decl":{"start":{"line":262,"column":105},"end":{"line":262,"column":110}},"loc":{"start":{"line":262,"column":110},"end":{"line":262,"column":129}},"line":262},"25":{"name":"(anonymous_25)","decl":{"start":{"line":268,"column":44},"end":{"line":268,"column":45}},"loc":{"start":{"line":268,"column":51},"end":{"line":282,"column":null}},"line":268},"26":{"name":"(anonymous_26)","decl":{"start":{"line":272,"column":73},"end":{"line":272,"column":78}},"loc":{"start":{"line":272,"column":78},"end":{"line":272,"column":102}},"line":272},"27":{"name":"(anonymous_27)","decl":{"start":{"line":274,"column":78},"end":{"line":274,"column":83}},"loc":{"start":{"line":274,"column":83},"end":{"line":274,"column":113}},"line":274},"28":{"name":"(anonymous_28)","decl":{"start":{"line":275,"column":78},"end":{"line":275,"column":83}},"loc":{"start":{"line":275,"column":83},"end":{"line":275,"column":102}},"line":275},"29":{"name":"(anonymous_29)","decl":{"start":{"line":304,"column":30},"end":{"line":304,"column":null}},"loc":{"start":{"line":305,"column":28},"end":{"line":335,"column":null}},"line":305},"30":{"name":"(anonymous_30)","decl":{"start":{"line":308,"column":41},"end":{"line":308,"column":47}},"loc":{"start":{"line":308,"column":47},"end":{"line":331,"column":null}},"line":308},"31":{"name":"(anonymous_31)","decl":{"start":{"line":320,"column":74},"end":{"line":320,"column":79}},"loc":{"start":{"line":320,"column":79},"end":{"line":320,"column":105}},"line":320}},"branchMap":{"0":{"loc":{"start":{"line":38,"column":8},"end":{"line":44,"column":null}},"type":"if","locations":[{"start":{"line":38,"column":8},"end":{"line":44,"column":null}},{"start":{},"end":{}}],"line":38},"1":{"loc":{"start":{"line":38,"column":12},"end":{"line":38,"column":73}},"type":"binary-expr","locations":[{"start":{"line":38,"column":12},"end":{"line":38,"column":33}},{"start":{"line":38,"column":33},"end":{"line":38,"column":73}}],"line":38},"2":{"loc":{"start":{"line":60,"column":8},"end":{"line":60,"column":null}},"type":"if","locations":[{"start":{"line":60,"column":8},"end":{"line":60,"column":null}},{"start":{},"end":{}}],"line":60},"3":{"loc":{"start":{"line":64,"column":8},"end":{"line":64,"column":null}},"type":"if","locations":[{"start":{"line":64,"column":8},"end":{"line":64,"column":null}},{"start":{},"end":{}}],"line":64},"4":{"loc":{"start":{"line":69,"column":8},"end":{"line":76,"column":null}},"type":"if","locations":[{"start":{"line":69,"column":8},"end":{"line":76,"column":null}},{"start":{},"end":{}}],"line":69},"5":{"loc":{"start":{"line":69,"column":12},"end":{"line":69,"column":36}},"type":"binary-expr","locations":[{"start":{"line":69,"column":12},"end":{"line":69,"column":25}},{"start":{"line":69,"column":25},"end":{"line":69,"column":36}}],"line":69},"6":{"loc":{"start":{"line":73,"column":12},"end":{"line":75,"column":null}},"type":"if","locations":[{"start":{"line":73,"column":12},"end":{"line":75,"column":null}},{"start":{},"end":{}}],"line":73},"7":{"loc":{"start":{"line":82,"column":66},"end":{"line":82,"column":100}},"type":"cond-expr","locations":[{"start":{"line":82,"column":83},"end":{"line":82,"column":98}},{"start":{"line":82,"column":98},"end":{"line":82,"column":100}}],"line":82},"8":{"loc":{"start":{"line":90,"column":21},"end":{"line":110,"column":null}},"type":"binary-expr","locations":[{"start":{"line":90,"column":21},"end":{"line":90,"column":38}},{"start":{"line":90,"column":38},"end":{"line":90,"column":null}},{"start":{"line":91,"column":24},"end":{"line":110,"column":null}}],"line":90},"9":{"loc":{"start":{"line":114,"column":21},"end":{"line":135,"column":null}},"type":"binary-expr","locations":[{"start":{"line":114,"column":21},"end":{"line":114,"column":38}},{"start":{"line":114,"column":38},"end":{"line":114,"column":53}},{"start":{"line":114,"column":53},"end":{"line":114,"column":80}},{"start":{"line":114,"column":80},"end":{"line":114,"column":null}},{"start":{"line":115,"column":24},"end":{"line":135,"column":null}}],"line":114},"10":{"loc":{"start":{"line":128,"column":36},"end":{"line":128,"column":null}},"type":"if","locations":[{"start":{"line":128,"column":36},"end":{"line":128,"column":null}},{"start":{},"end":{}}],"line":128},"11":{"loc":{"start":{"line":141,"column":41},"end":{"line":141,"column":87}},"type":"if","locations":[{"start":{"line":141,"column":41},"end":{"line":141,"column":87}},{"start":{},"end":{}}],"line":141},"12":{"loc":{"start":{"line":143,"column":34},"end":{"line":143,"column":157}},"type":"cond-expr","locations":[{"start":{"line":143,"column":69},"end":{"line":143,"column":118}},{"start":{"line":143,"column":118},"end":{"line":143,"column":157}}],"line":143},"13":{"loc":{"start":{"line":144,"column":34},"end":{"line":144,"column":112}},"type":"cond-expr","locations":[{"start":{"line":144,"column":66},"end":{"line":144,"column":110}},{"start":{"line":144,"column":110},"end":{"line":144,"column":112}}],"line":144},"14":{"loc":{"start":{"line":145,"column":34},"end":{"line":145,"column":117}},"type":"cond-expr","locations":[{"start":{"line":145,"column":66},"end":{"line":145,"column":115}},{"start":{"line":145,"column":115},"end":{"line":145,"column":117}}],"line":145},"15":{"loc":{"start":{"line":146,"column":34},"end":{"line":146,"column":112}},"type":"cond-expr","locations":[{"start":{"line":146,"column":63},"end":{"line":146,"column":110}},{"start":{"line":146,"column":110},"end":{"line":146,"column":112}}],"line":146},"16":{"loc":{"start":{"line":154,"column":165},"end":{"line":155,"column":null}},"type":"cond-expr","locations":[{"start":{"line":154,"column":197},"end":{"line":154,"column":null}},{"start":{"line":155,"column":36},"end":{"line":155,"column":null}}],"line":154},"17":{"loc":{"start":{"line":155,"column":36},"end":{"line":155,"column":null}},"type":"cond-expr","locations":[{"start":{"line":155,"column":65},"end":{"line":155,"column":107}},{"start":{"line":155,"column":107},"end":{"line":155,"column":null}}],"line":155},"18":{"loc":{"start":{"line":158,"column":37},"end":{"line":158,"column":null}},"type":"binary-expr","locations":[{"start":{"line":158,"column":37},"end":{"line":158,"column":70}},{"start":{"line":158,"column":70},"end":{"line":158,"column":null}}],"line":158},"19":{"loc":{"start":{"line":159,"column":37},"end":{"line":159,"column":null}},"type":"binary-expr","locations":[{"start":{"line":159,"column":37},"end":{"line":159,"column":70}},{"start":{"line":159,"column":70},"end":{"line":159,"column":null}}],"line":159},"20":{"loc":{"start":{"line":160,"column":37},"end":{"line":160,"column":null}},"type":"binary-expr","locations":[{"start":{"line":160,"column":37},"end":{"line":160,"column":67}},{"start":{"line":160,"column":67},"end":{"line":160,"column":null}}],"line":160},"21":{"loc":{"start":{"line":161,"column":96},"end":{"line":163,"column":null}},"type":"cond-expr","locations":[{"start":{"line":161,"column":128},"end":{"line":161,"column":null}},{"start":{"line":162,"column":44},"end":{"line":163,"column":null}}],"line":161},"22":{"loc":{"start":{"line":162,"column":44},"end":{"line":163,"column":null}},"type":"cond-expr","locations":[{"start":{"line":162,"column":73},"end":{"line":162,"column":null}},{"start":{"line":163,"column":48},"end":{"line":163,"column":null}}],"line":162},"23":{"loc":{"start":{"line":168,"column":41},"end":{"line":168,"column":null}},"type":"binary-expr","locations":[{"start":{"line":168,"column":41},"end":{"line":168,"column":59}},{"start":{"line":168,"column":59},"end":{"line":168,"column":null}}],"line":168},"24":{"loc":{"start":{"line":170,"column":37},"end":{"line":170,"column":null}},"type":"binary-expr","locations":[{"start":{"line":170,"column":37},"end":{"line":170,"column":70}},{"start":{"line":170,"column":70},"end":{"line":170,"column":null}}],"line":170},"25":{"loc":{"start":{"line":174,"column":62},"end":{"line":174,"column":163}},"type":"cond-expr","locations":[{"start":{"line":174,"column":90},"end":{"line":174,"column":106}},{"start":{"line":174,"column":106},"end":{"line":174,"column":163}}],"line":174},"26":{"loc":{"start":{"line":174,"column":106},"end":{"line":174,"column":163}},"type":"cond-expr","locations":[{"start":{"line":174,"column":134},"end":{"line":174,"column":150}},{"start":{"line":174,"column":150},"end":{"line":174,"column":163}}],"line":174},"27":{"loc":{"start":{"line":177,"column":55},"end":{"line":177,"column":null}},"type":"binary-expr","locations":[{"start":{"line":177,"column":55},"end":{"line":177,"column":96}},{"start":{"line":177,"column":96},"end":{"line":177,"column":null}}],"line":177},"28":{"loc":{"start":{"line":181,"column":36},"end":{"line":186,"column":null}},"type":"if","locations":[{"start":{"line":181,"column":36},"end":{"line":186,"column":null}},{"start":{},"end":{}}],"line":181},"29":{"loc":{"start":{"line":181,"column":40},"end":{"line":181,"column":132}},"type":"binary-expr","locations":[{"start":{"line":181,"column":40},"end":{"line":181,"column":69}},{"start":{"line":181,"column":69},"end":{"line":181,"column":109}},{"start":{"line":181,"column":109},"end":{"line":181,"column":132}}],"line":181},"30":{"loc":{"start":{"line":185,"column":55},"end":{"line":185,"column":null}},"type":"cond-expr","locations":[{"start":{"line":185,"column":64},"end":{"line":185,"column":86}},{"start":{"line":185,"column":86},"end":{"line":185,"column":null}}],"line":185},"31":{"loc":{"start":{"line":202,"column":50},"end":{"line":204,"column":null}},"type":"cond-expr","locations":[{"start":{"line":203,"column":54},"end":{"line":203,"column":null}},{"start":{"line":204,"column":54},"end":{"line":204,"column":null}}],"line":202},"32":{"loc":{"start":{"line":206,"column":50},"end":{"line":206,"column":121}},"type":"cond-expr","locations":[{"start":{"line":206,"column":63},"end":{"line":206,"column":119}},{"start":{"line":206,"column":119},"end":{"line":206,"column":121}}],"line":206},"33":{"loc":{"start":{"line":227,"column":49},"end":{"line":230,"column":null}},"type":"binary-expr","locations":[{"start":{"line":227,"column":49},"end":{"line":227,"column":null}},{"start":{"line":228,"column":52},"end":{"line":230,"column":null}}],"line":227},"34":{"loc":{"start":{"line":232,"column":49},"end":{"line":235,"column":null}},"type":"binary-expr","locations":[{"start":{"line":232,"column":49},"end":{"line":232,"column":78}},{"start":{"line":232,"column":78},"end":{"line":232,"column":null}},{"start":{"line":233,"column":52},"end":{"line":235,"column":null}}],"line":232},"35":{"loc":{"start":{"line":237,"column":49},"end":{"line":240,"column":null}},"type":"binary-expr","locations":[{"start":{"line":237,"column":49},"end":{"line":237,"column":72}},{"start":{"line":237,"column":72},"end":{"line":237,"column":117}},{"start":{"line":237,"column":117},"end":{"line":237,"column":146}},{"start":{"line":237,"column":146},"end":{"line":237,"column":null}},{"start":{"line":238,"column":52},"end":{"line":240,"column":null}}],"line":237},"36":{"loc":{"start":{"line":242,"column":49},"end":{"line":245,"column":null}},"type":"binary-expr","locations":[{"start":{"line":242,"column":49},"end":{"line":242,"column":75}},{"start":{"line":242,"column":75},"end":{"line":242,"column":123}},{"start":{"line":242,"column":123},"end":{"line":242,"column":155}},{"start":{"line":242,"column":155},"end":{"line":242,"column":null}},{"start":{"line":243,"column":52},"end":{"line":245,"column":null}}],"line":242},"37":{"loc":{"start":{"line":270,"column":40},"end":{"line":270,"column":null}},"type":"if","locations":[{"start":{"line":270,"column":40},"end":{"line":270,"column":null}},{"start":{},"end":{}}],"line":270},"38":{"loc":{"start":{"line":273,"column":40},"end":{"line":273,"column":null}},"type":"if","locations":[{"start":{"line":273,"column":40},"end":{"line":273,"column":null}},{"start":{},"end":{}}],"line":273},"39":{"loc":{"start":{"line":276,"column":40},"end":{"line":280,"column":null}},"type":"if","locations":[{"start":{"line":276,"column":40},"end":{"line":280,"column":null}},{"start":{},"end":{}}],"line":276},"40":{"loc":{"start":{"line":276,"column":44},"end":{"line":276,"column":68}},"type":"binary-expr","locations":[{"start":{"line":276,"column":44},"end":{"line":276,"column":57}},{"start":{"line":276,"column":57},"end":{"line":276,"column":68}}],"line":276},"41":{"loc":{"start":{"line":309,"column":36},"end":{"line":330,"column":null}},"type":"if","locations":[{"start":{"line":309,"column":36},"end":{"line":330,"column":null}},{"start":{"line":328,"column":43},"end":{"line":330,"column":null}}],"line":309},"42":{"loc":{"start":{"line":312,"column":51},"end":{"line":312,"column":null}},"type":"cond-expr","locations":[{"start":{"line":312,"column":78},"end":{"line":312,"column":91}},{"start":{"line":312,"column":91},"end":{"line":312,"column":null}}],"line":312},"43":{"loc":{"start":{"line":312,"column":91},"end":{"line":312,"column":null}},"type":"cond-expr","locations":[{"start":{"line":312,"column":120},"end":{"line":312,"column":133}},{"start":{"line":312,"column":133},"end":{"line":312,"column":null}}],"line":312},"44":{"loc":{"start":{"line":315,"column":53},"end":{"line":315,"column":null}},"type":"cond-expr","locations":[{"start":{"line":315,"column":80},"end":{"line":315,"column":133}},{"start":{"line":315,"column":133},"end":{"line":315,"column":null}}],"line":315},"45":{"loc":{"start":{"line":316,"column":57},"end":{"line":316,"column":null}},"type":"cond-expr","locations":[{"start":{"line":316,"column":86},"end":{"line":316,"column":91}},{"start":{"line":316,"column":91},"end":{"line":316,"column":null}}],"line":316},"46":{"loc":{"start":{"line":321,"column":44},"end":{"line":324,"column":null}},"type":"if","locations":[{"start":{"line":321,"column":44},"end":{"line":324,"column":null}},{"start":{},"end":{}}],"line":321}},"s":{"0":0,"1":0,"2":0,"3":0,"4":0,"5":0,"6":0,"7":0,"8":0,"9":0,"10":0,"11":0,"12":0,"13":0,"14":0,"15":0,"16":0,"17":0,"18":0,"19":0,"20":0,"21":0,"22":0,"23":0,"24":0,"25":0,"26":0,"27":0,"28":0,"29":0,"30":0,"31":0,"32":0,"33":0,"34":0,"35":0,"36":0,"37":0,"38":0,"39":0,"40":0,"41":0,"42":0,"43":0,"44":0,"45":0,"46":0,"47":0,"48":0,"49":0,"50":0,"51":0,"52":0,"53":0,"54":0,"55":0,"56":0,"57":0,"58":0,"59":0,"60":0,"61":0,"62":0,"63":0,"64":0,"65":0,"66":0,"67":0,"68":0,"69":0,"70":0,"71":0,"72":0,"73":0,"74":0,"75":0,"76":0,"77":0,"78":0,"79":0,"80":0,"81":0,"82":0,"83":0,"84":0,"85":0,"86":0,"87":0,"88":0,"89":0,"90":0,"91":0,"92":0,"93":0,"94":0,"95":0,"96":0,"97":0,"98":0,"99":0,"100":0,"101":0,"102":0,"103":0,"104":0},"f":{"0":0,"1":0,"2":0,"3":0,"4":0,"5":0,"6":0,"7":0,"8":0,"9":0,"10":0,"11":0,"12":0,"13":0,"14":0,"15":0,"16":0,"17":0,"18":0,"19":0,"20":0,"21":0,"22":0,"23":0,"24":0,"25":0,"26":0,"27":0,"28":0,"29":0,"30":0,"31":0},"b":{"0":[0,0],"1":[0,0],"2":[0,0],"3":[0,0],"4":[0,0],"5":[0,0],"6":[0,0],"7":[0,0],"8":[0,0,0],"9":[0,0,0,0,0],"10":[0,0],"11":[0,0],"12":[0,0],"13":[0,0],"14":[0,0],"15":[0,0],"16":[0,0],"17":[0,0],"18":[0,0],"19":[0,0],"20":[0,0],"21":[0,0],"22":[0,0],"23":[0,0],"24":[0,0],"25":[0,0],"26":[0,0],"27":[0,0],"28":[0,0],"29":[0,0,0],"30":[0,0],"31":[0,0],"32":[0,0],"33":[0,0],"34":[0,0,0],"35":[0,0,0,0,0],"36":[0,0,0,0,0],"37":[0,0],"38":[0,0],"39":[0,0],"40":[0,0],"41":[0,0],"42":[0,0],"43":[0,0],"44":[0,0],"45":[0,0],"46":[0,0]},"meta":{"lastBranch":47,"lastFunction":32,"lastStatement":105,"seen":{"s:21:57:342:Infinity":0,"f:21:57:21:58":0,"s:30:38:30:Infinity":1,"s:31:10:31:Infinity":2,"s:34:22:34:Infinity":3,"s:37:4:45:Infinity":4,"f:37:14:37:20":1,"b:38:8:44:Infinity:undefined:undefined:undefined:undefined":0,"s:38:8:44:Infinity":5,"b:38:12:38:33:38:33:38:73":1,"s:39:12:39:Infinity":6,"s:43:12:43:Infinity":7,"s:47:28:51:Infinity":8,"f:47:28:47:29":2,"s:48:8:48:Infinity":9,"s:49:8:49:Infinity":10,"s:50:8:50:Infinity":11,"s:53:27:56:Infinity":12,"f:53:27:53:28":3,"s:54:8:54:Infinity":13,"s:55:8:55:Infinity":14,"s:58:23:78:Infinity":15,"f:58:23:58:24":4,"s:59:8:59:Infinity":16,"b:60:8:60:Infinity:undefined:undefined:undefined:undefined":2,"s:60:8:60:Infinity":17,"s:60:26:60:Infinity":18,"s:62:23:62:Infinity":19,"s:63:22:63:Infinity":20,"f:63:41:63:46":5,"s:63:46:63:70":21,"b:64:8:64:Infinity:undefined:undefined:undefined:undefined":3,"s:64:8:64:Infinity":22,"s:64:20:64:Infinity":23,"s:66:26:66:Infinity":24,"f:66:46:66:51":6,"s:66:51:66:81":25,"s:67:26:67:Infinity":26,"f:67:46:67:51":7,"s:67:51:67:75":27,"b:69:8:76:Infinity:undefined:undefined:undefined:undefined":4,"s:69:8:76:Infinity":28,"b:69:12:69:25:69:25:69:36":5,"s:70:27:70:Infinity":29,"s:71:12:71:Infinity":30,"s:72:12:72:Infinity":31,"b:73:12:75:Infinity:undefined:undefined:undefined:undefined":6,"s:73:12:75:Infinity":32,"s:74:16:74:Infinity":33,"s:77:8:77:Infinity":34,"s:80:4:340:Infinity":35,"b:82:83:82:98:82:98:82:100":7,"f:84:131:84:136":8,"s:84:136:84:160":36,"b:90:21:90:38:90:38:90:Infinity:91:24:110:Infinity":8,"b:114:21:114:38:114:38:114:53:114:53:114:80:114:80:114:Infinity:115:24:135:Infinity":9,"f:119:41:119:47":9,"s:120:70:125:Infinity":37,"s:126:51:126:Infinity":38,"s:127:48:127:Infinity":39,"f:127:67:127:72":10,"s:127:72:127:96":40,"b:128:36:128:Infinity:undefined:undefined:undefined:undefined":10,"s:128:36:128:Infinity":41,"s:128:45:128:Infinity":42,"s:129:36:129:Infinity":43,"f:138:49:138:50":11,"s:139:24:290:Infinity":44,"f:141:33:141:39":12,"b:141:41:141:87:undefined:undefined:undefined:undefined":11,"s:141:41:141:87":45,"s:141:49:141:87":46,"b:143:69:143:118:143:118:143:157":12,"b:144:66:144:110:144:110:144:112":13,"b:145:66:145:115:145:115:145:117":14,"b:146:63:146:110:146:110:146:112":15,"f:148:37:148:38":13,"s:149:32:149:Infinity":47,"s:150:32:150:Infinity":48,"s:151:32:151:Infinity":49,"b:154:197:154:Infinity:155:36:155:Infinity":16,"b:155:65:155:107:155:107:155:Infinity":17,"b:158:37:158:70:158:70:158:Infinity":18,"b:159:37:159:70:159:70:159:Infinity":19,"b:160:37:160:67:160:67:160:Infinity":20,"b:161:128:161:Infinity:162:44:163:Infinity":21,"b:162:73:162:Infinity:163:48:163:Infinity":22,"b:168:41:168:59:168:59:168:Infinity":23,"b:170:37:170:70:170:70:170:Infinity":24,"b:174:90:174:106:174:106:174:163":25,"b:174:134:174:150:174:150:174:163":26,"f:175:54:175:55":14,"s:176:55:176:Infinity":50,"s:177:55:177:Infinity":51,"b:177:55:177:96:177:96:177:Infinity":27,"s:180:55:180:Infinity":52,"b:181:36:186:Infinity:undefined:undefined:undefined:undefined":28,"s:181:36:186:Infinity":53,"b:181:40:181:69:181:69:181:109:181:109:181:132":29,"s:183:58:183:Infinity":54,"f:183:84:183:89":15,"s:183:89:183:99":55,"f:183:109:183:116":16,"s:183:116:183:128":56,"s:184:55:184:Infinity":57,"f:184:70:184:75":17,"s:184:75:184:105":58,"s:185:40:185:Infinity":59,"b:185:64:185:86:185:86:185:Infinity":30,"s:188:36:248:Infinity":60,"f:193:57:193:58":18,"s:193:64:193:Infinity":61,"f:195:52:195:53":19,"s:195:59:195:Infinity":62,"f:196:53:196:54":20,"s:197:48:197:Infinity":63,"s:198:48:198:Infinity":64,"s:199:48:199:Infinity":65,"b:203:54:203:Infinity:204:54:204:Infinity":31,"b:206:63:206:119:206:119:206:121":32,"f:220:62:220:68":21,"b:227:49:227:Infinity:228:52:230:Infinity":33,"b:232:49:232:78:232:78:232:Infinity:233:52:235:Infinity":34,"b:237:49:237:72:237:72:237:117:237:117:237:146:237:146:237:Infinity:238:52:240:Infinity":35,"b:242:49:242:75:242:75:242:123:242:123:242:155:242:155:242:Infinity:243:52:245:Infinity":36,"f:253:45:253:46":22,"s:254:40:254:Infinity":66,"s:255:73:260:Infinity":67,"s:261:55:261:Infinity":68,"s:262:40:262:Infinity":69,"f:262:59:262:64":23,"s:262:64:262:88":70,"f:262:105:262:110":24,"s:262:110:262:129":71,"s:263:40:263:Infinity":72,"s:264:40:264:Infinity":73,"s:265:40:265:Infinity":74,"f:268:44:268:45":25,"s:269:40:269:Infinity":75,"b:270:40:270:Infinity:undefined:undefined:undefined:undefined":37,"s:270:40:270:Infinity":76,"s:270:58:270:Infinity":77,"s:271:55:271:Infinity":78,"s:272:54:272:Infinity":79,"f:272:73:272:78":26,"s:272:78:272:102":80,"b:273:40:273:Infinity:undefined:undefined:undefined:undefined":38,"s:273:40:273:Infinity":81,"s:273:52:273:Infinity":82,"s:274:58:274:Infinity":83,"f:274:78:274:83":27,"s:274:83:274:113":84,"s:275:58:275:Infinity":85,"f:275:78:275:83":28,"s:275:83:275:102":86,"b:276:40:280:Infinity:undefined:undefined:undefined:undefined":39,"s:276:40:280:Infinity":87,"b:276:44:276:57:276:57:276:68":40,"s:277:59:277:Infinity":88,"s:278:44:278:Infinity":89,"s:279:44:279:Infinity":90,"s:281:40:281:Infinity":91,"f:304:30:304:Infinity":29,"s:305:28:335:Infinity":92,"f:308:41:308:47":30,"b:309:36:330:Infinity:328:43:330:Infinity":41,"s:309:36:330:Infinity":93,"s:310:73:317:Infinity":94,"b:312:78:312:91:312:91:312:Infinity":42,"b:312:120:312:133:312:133:312:Infinity":43,"b:315:80:315:133:315:133:315:Infinity":44,"b:316:86:316:91:316:91:316:Infinity":45,"s:318:55:318:Infinity":95,"s:319:40:325:Infinity":96,"s:320:56:320:Infinity":97,"f:320:74:320:79":31,"s:320:79:320:105":98,"b:321:44:324:Infinity:undefined:undefined:undefined:undefined":46,"s:321:44:324:Infinity":99,"s:322:48:322:Infinity":100,"s:323:48:323:Infinity":101,"s:326:40:326:Infinity":102,"s:327:40:327:Infinity":103,"s:329:40:329:Infinity":104}}}
,"C:\\Users\\realj\\OneDrive\\Documents\\Projects\\Proto2\\catapulse-studio\\components\\EditorSidebar.tsx": {"path":"C:\\Users\\realj\\OneDrive\\Documents\\Projects\\Proto2\\catapulse-studio\\components\\EditorSidebar.tsx","statementMap":{"0":{"start":{"line":22,"column":59},"end":{"line":347,"column":null}},"1":{"start":{"line":31,"column":46},"end":{"line":31,"column":null}},"2":{"start":{"line":32,"column":44},"end":{"line":32,"column":null}},"3":{"start":{"line":34,"column":27},"end":{"line":37,"column":null}},"4":{"start":{"line":35,"column":8},"end":{"line":35,"column":null}},"5":{"start":{"line":36,"column":8},"end":{"line":36,"column":null}},"6":{"start":{"line":40,"column":28},"end":{"line":46,"column":null}},"7":{"start":{"line":41,"column":8},"end":{"line":41,"column":null}},"8":{"start":{"line":42,"column":8},"end":{"line":42,"column":null}},"9":{"start":{"line":43,"column":8},"end":{"line":43,"column":null}},"10":{"start":{"line":44,"column":8},"end":{"line":44,"column":null}},"11":{"start":{"line":45,"column":8},"end":{"line":45,"column":null}},"12":{"start":{"line":48,"column":27},"end":{"line":51,"column":null}},"13":{"start":{"line":49,"column":8},"end":{"line":49,"column":null}},"14":{"start":{"line":50,"column":8},"end":{"line":50,"column":null}},"15":{"start":{"line":53,"column":23},"end":{"line":110,"column":null}},"16":{"start":{"line":54,"column":8},"end":{"line":54,"column":null}},"17":{"start":{"line":55,"column":8},"end":{"line":55,"column":null}},"18":{"start":{"line":57,"column":28},"end":{"line":57,"column":null}},"19":{"start":{"line":58,"column":8},"end":{"line":63,"column":null}},"20":{"start":{"line":59,"column":24},"end":{"line":59,"column":null}},"21":{"start":{"line":60,"column":12},"end":{"line":60,"column":null}},"22":{"start":{"line":60,"column":21},"end":{"line":60,"column":null}},"23":{"start":{"line":62,"column":12},"end":{"line":62,"column":null}},"24":{"start":{"line":66,"column":8},"end":{"line":96,"column":null}},"25":{"start":{"line":67,"column":33},"end":{"line":67,"column":null}},"26":{"start":{"line":68,"column":31},"end":{"line":68,"column":null}},"27":{"start":{"line":70,"column":31},"end":{"line":70,"column":null}},"28":{"start":{"line":73,"column":33},"end":{"line":73,"column":null}},"29":{"start":{"line":74,"column":13},"end":{"line":74,"column":null}},"30":{"start":{"line":77,"column":36},"end":{"line":77,"column":null}},"31":{"start":{"line":80,"column":13},"end":{"line":80,"column":null}},"32":{"start":{"line":83,"column":33},"end":{"line":83,"column":null}},"33":{"start":{"line":84,"column":13},"end":{"line":84,"column":null}},"34":{"start":{"line":87,"column":13},"end":{"line":87,"column":null}},"35":{"start":{"line":88,"column":13},"end":{"line":88,"column":null}},"36":{"start":{"line":90,"column":13},"end":{"line":90,"column":null}},"37":{"start":{"line":91,"column":13},"end":{"line":91,"column":null}},"38":{"start":{"line":94,"column":13},"end":{"line":94,"column":null}},"39":{"start":{"line":95,"column":13},"end":{"line":95,"column":null}},"40":{"start":{"line":99,"column":8},"end":{"line":109,"column":null}},"41":{"start":{"line":100,"column":27},"end":{"line":100,"column":null}},"42":{"start":{"line":101,"column":12},"end":{"line":101,"column":null}},"43":{"start":{"line":101,"column":43},"end":{"line":101,"column":null}},"44":{"start":{"line":103,"column":30},"end":{"line":103,"column":null}},"45":{"start":{"line":104,"column":33},"end":{"line":104,"column":null}},"46":{"start":{"line":105,"column":12},"end":{"line":105,"column":null}},"47":{"start":{"line":107,"column":12},"end":{"line":107,"column":null}},"48":{"start":{"line":108,"column":12},"end":{"line":108,"column":null}},"49":{"start":{"line":113,"column":35},"end":{"line":119,"column":null}},"50":{"start":{"line":114,"column":8},"end":{"line":114,"column":null}},"51":{"start":{"line":115,"column":8},"end":{"line":115,"column":null}},"52":{"start":{"line":116,"column":8},"end":{"line":116,"column":null}},"53":{"start":{"line":117,"column":8},"end":{"line":117,"column":null}},"54":{"start":{"line":118,"column":8},"end":{"line":118,"column":null}},"55":{"start":{"line":121,"column":34},"end":{"line":125,"column":null}},"56":{"start":{"line":122,"column":8},"end":{"line":122,"column":null}},"57":{"start":{"line":123,"column":8},"end":{"line":123,"column":null}},"58":{"start":{"line":124,"column":8},"end":{"line":124,"column":null}},"59":{"start":{"line":127,"column":30},"end":{"line":178,"column":null}},"60":{"start":{"line":128,"column":8},"end":{"line":128,"column":null}},"61":{"start":{"line":129,"column":8},"end":{"line":129,"column":null}},"62":{"start":{"line":131,"column":28},"end":{"line":131,"column":null}},"63":{"start":{"line":132,"column":8},"end":{"line":137,"column":null}},"64":{"start":{"line":133,"column":24},"end":{"line":133,"column":null}},"65":{"start":{"line":134,"column":12},"end":{"line":134,"column":null}},"66":{"start":{"line":134,"column":21},"end":{"line":134,"column":null}},"67":{"start":{"line":136,"column":12},"end":{"line":136,"column":null}},"68":{"start":{"line":139,"column":8},"end":{"line":139,"column":null}},"69":{"start":{"line":139,"column":75},"end":{"line":139,"column":null}},"70":{"start":{"line":141,"column":28},"end":{"line":141,"column":null}},"71":{"start":{"line":142,"column":26},"end":{"line":142,"column":null}},"72":{"start":{"line":145,"column":8},"end":{"line":148,"column":null}},"73":{"start":{"line":146,"column":13},"end":{"line":146,"column":null}},"74":{"start":{"line":147,"column":13},"end":{"line":147,"column":null}},"75":{"start":{"line":150,"column":26},"end":{"line":150,"column":null}},"76":{"start":{"line":153,"column":28},"end":{"line":153,"column":null}},"77":{"start":{"line":154,"column":8},"end":{"line":154,"column":null}},"78":{"start":{"line":157,"column":31},"end":{"line":157,"column":null}},"79":{"start":{"line":158,"column":8},"end":{"line":158,"column":null}},"80":{"start":{"line":161,"column":28},"end":{"line":161,"column":null}},"81":{"start":{"line":162,"column":8},"end":{"line":162,"column":null}},"82":{"start":{"line":165,"column":29},"end":{"line":165,"column":null}},"83":{"start":{"line":167,"column":8},"end":{"line":169,"column":null}},"84":{"start":{"line":168,"column":13},"end":{"line":168,"column":null}},"85":{"start":{"line":172,"column":8},"end":{"line":172,"column":null}},"86":{"start":{"line":173,"column":8},"end":{"line":173,"column":null}},"87":{"start":{"line":175,"column":8},"end":{"line":175,"column":null}},"88":{"start":{"line":176,"column":8},"end":{"line":176,"column":null}},"89":{"start":{"line":177,"column":8},"end":{"line":177,"column":null}},"90":{"start":{"line":180,"column":4},"end":{"line":345,"column":null}},"91":{"start":{"line":186,"column":38},"end":{"line":186,"column":null}},"92":{"start":{"line":188,"column":48},"end":{"line":188,"column":null}},"93":{"start":{"line":190,"column":20},"end":{"line":294,"column":null}},"94":{"start":{"line":198,"column":44},"end":{"line":198,"column":null}},"95":{"start":{"line":200,"column":39},"end":{"line":200,"column":null}},"96":{"start":{"line":215,"column":28},"end":{"line":215,"column":null}},"97":{"start":{"line":215,"column":43},"end":{"line":215,"column":null}},"98":{"start":{"line":216,"column":28},"end":{"line":216,"column":null}},"99":{"start":{"line":217,"column":28},"end":{"line":217,"column":null}},"100":{"start":{"line":218,"column":28},"end":{"line":218,"column":null}},"101":{"start":{"line":238,"column":47},"end":{"line":238,"column":null}},"102":{"start":{"line":239,"column":57},"end":{"line":239,"column":null}},"103":{"start":{"line":241,"column":28},"end":{"line":271,"column":null}},"104":{"start":{"line":246,"column":52},"end":{"line":246,"column":null}},"105":{"start":{"line":248,"column":47},"end":{"line":248,"column":null}},"106":{"start":{"line":249,"column":52},"end":{"line":249,"column":73}},"107":{"start":{"line":249,"column":73},"end":{"line":249,"column":91}},"108":{"start":{"line":251,"column":36},"end":{"line":251,"column":null}},"109":{"start":{"line":252,"column":36},"end":{"line":252,"column":null}},"110":{"start":{"line":253,"column":36},"end":{"line":253,"column":null}},"111":{"start":{"line":275,"column":32},"end":{"line":275,"column":null}},"112":{"start":{"line":276,"column":49},"end":{"line":276,"column":null}},"113":{"start":{"line":277,"column":66},"end":{"line":282,"column":null}},"114":{"start":{"line":283,"column":47},"end":{"line":283,"column":null}},"115":{"start":{"line":284,"column":32},"end":{"line":284,"column":null}},"116":{"start":{"line":285,"column":32},"end":{"line":285,"column":null}},"117":{"start":{"line":286,"column":32},"end":{"line":286,"column":null}},"118":{"start":{"line":299,"column":41},"end":{"line":299,"column":null}},"119":{"start":{"line":300,"column":56},"end":{"line":304,"column":null}},"120":{"start":{"line":305,"column":24},"end":{"line":305,"column":null}},"121":{"start":{"line":306,"column":24},"end":{"line":306,"column":null}},"122":{"start":{"line":323,"column":41},"end":{"line":323,"column":null}},"123":{"start":{"line":327,"column":28},"end":{"line":330,"column":null}},"124":{"start":{"line":328,"column":32},"end":{"line":328,"column":null}},"125":{"start":{"line":329,"column":32},"end":{"line":329,"column":null}}},"fnMap":{"0":{"name":"(anonymous_0)","decl":{"start":{"line":22,"column":59},"end":{"line":22,"column":60}},"loc":{"start":{"line":30,"column":6},"end":{"line":347,"column":null}},"line":30},"1":{"name":"(anonymous_1)","decl":{"start":{"line":34,"column":27},"end":{"line":34,"column":33}},"loc":{"start":{"line":34,"column":33},"end":{"line":37,"column":null}},"line":34},"2":{"name":"(anonymous_2)","decl":{"start":{"line":40,"column":28},"end":{"line":40,"column":29}},"loc":{"start":{"line":40,"column":67},"end":{"line":46,"column":null}},"line":40},"3":{"name":"(anonymous_3)","decl":{"start":{"line":48,"column":27},"end":{"line":48,"column":28}},"loc":{"start":{"line":48,"column":51},"end":{"line":51,"column":null}},"line":48},"4":{"name":"(anonymous_4)","decl":{"start":{"line":53,"column":23},"end":{"line":53,"column":24}},"loc":{"start":{"line":53,"column":71},"end":{"line":110,"column":null}},"line":53},"5":{"name":"(anonymous_5)","decl":{"start":{"line":113,"column":35},"end":{"line":113,"column":36}},"loc":{"start":{"line":113,"column":97},"end":{"line":119,"column":null}},"line":113},"6":{"name":"(anonymous_6)","decl":{"start":{"line":121,"column":34},"end":{"line":121,"column":35}},"loc":{"start":{"line":121,"column":58},"end":{"line":125,"column":null}},"line":121},"7":{"name":"(anonymous_7)","decl":{"start":{"line":127,"column":30},"end":{"line":127,"column":31}},"loc":{"start":{"line":127,"column":98},"end":{"line":178,"column":null}},"line":127},"8":{"name":"(anonymous_8)","decl":{"start":{"line":185,"column":39},"end":{"line":185,"column":40}},"loc":{"start":{"line":185,"column":55},"end":{"line":296,"column":17}},"line":185},"9":{"name":"(anonymous_9)","decl":{"start":{"line":198,"column":37},"end":{"line":198,"column":38}},"loc":{"start":{"line":198,"column":44},"end":{"line":198,"column":null}},"line":198},"10":{"name":"(anonymous_10)","decl":{"start":{"line":200,"column":32},"end":{"line":200,"column":33}},"loc":{"start":{"line":200,"column":39},"end":{"line":200,"column":null}},"line":200},"11":{"name":"(anonymous_11)","decl":{"start":{"line":214,"column":33},"end":{"line":214,"column":39}},"loc":{"start":{"line":214,"column":39},"end":{"line":219,"column":null}},"line":214},"12":{"name":"(anonymous_12)","decl":{"start":{"line":236,"column":44},"end":{"line":236,"column":45}},"loc":{"start":{"line":236,"column":65},"end":{"line":272,"column":26}},"line":236},"13":{"name":"(anonymous_13)","decl":{"start":{"line":246,"column":45},"end":{"line":246,"column":46}},"loc":{"start":{"line":246,"column":52},"end":{"line":246,"column":null}},"line":246},"14":{"name":"(anonymous_14)","decl":{"start":{"line":248,"column":40},"end":{"line":248,"column":41}},"loc":{"start":{"line":248,"column":47},"end":{"line":248,"column":null}},"line":248},"15":{"name":"(anonymous_15)","decl":{"start":{"line":249,"column":43},"end":{"line":249,"column":44}},"loc":{"start":{"line":249,"column":50},"end":{"line":249,"column":null}},"line":249},"16":{"name":"(anonymous_16)","decl":{"start":{"line":250,"column":41},"end":{"line":250,"column":42}},"loc":{"start":{"line":250,"column":48},"end":{"line":254,"column":null}},"line":250},"17":{"name":"(anonymous_17)","decl":{"start":{"line":274,"column":37},"end":{"line":274,"column":38}},"loc":{"start":{"line":274,"column":44},"end":{"line":287,"column":null}},"line":274},"18":{"name":"(anonymous_18)","decl":{"start":{"line":298,"column":29},"end":{"line":298,"column":35}},"loc":{"start":{"line":298,"column":35},"end":{"line":307,"column":null}},"line":298},"19":{"name":"(anonymous_19)","decl":{"start":{"line":323,"column":34},"end":{"line":323,"column":35}},"loc":{"start":{"line":323,"column":41},"end":{"line":323,"column":null}},"line":323},"20":{"name":"(anonymous_20)","decl":{"start":{"line":326,"column":35},"end":{"line":326,"column":36}},"loc":{"start":{"line":326,"column":42},"end":{"line":331,"column":null}},"line":326}},"branchMap":{"0":{"loc":{"start":{"line":60,"column":12},"end":{"line":60,"column":null}},"type":"if","locations":[{"start":{"line":60,"column":12},"end":{"line":60,"column":null}},{"start":{},"end":{}}],"line":60},"1":{"loc":{"start":{"line":66,"column":8},"end":{"line":96,"column":null}},"type":"if","locations":[{"start":{"line":66,"column":8},"end":{"line":96,"column":null}},{"start":{},"end":{}}],"line":66},"2":{"loc":{"start":{"line":66,"column":12},"end":{"line":66,"column":73}},"type":"binary-expr","locations":[{"start":{"line":66,"column":12},"end":{"line":66,"column":31}},{"start":{"line":66,"column":31},"end":{"line":66,"column":43}},{"start":{"line":66,"column":43},"end":{"line":66,"column":73}}],"line":66},"3":{"loc":{"start":{"line":67,"column":33},"end":{"line":67,"column":null}},"type":"cond-expr","locations":[{"start":{"line":67,"column":50},"end":{"line":67,"column":76}},{"start":{"line":67,"column":76},"end":{"line":67,"column":null}}],"line":67},"4":{"loc":{"start":{"line":68,"column":31},"end":{"line":68,"column":null}},"type":"cond-expr","locations":[{"start":{"line":68,"column":48},"end":{"line":68,"column":76}},{"start":{"line":68,"column":76},"end":{"line":68,"column":null}}],"line":68},"5":{"loc":{"start":{"line":99,"column":8},"end":{"line":109,"column":null}},"type":"if","locations":[{"start":{"line":99,"column":8},"end":{"line":109,"column":null}},{"start":{},"end":{}}],"line":99},"6":{"loc":{"start":{"line":99,"column":12},"end":{"line":99,"column":81}},"type":"binary-expr","locations":[{"start":{"line":99,"column":12},"end":{"line":99,"column":41}},{"start":{"line":99,"column":41},"end":{"line":99,"column":53}},{"start":{"line":99,"column":53},"end":{"line":99,"column":81}}],"line":99},"7":{"loc":{"start":{"line":100,"column":27},"end":{"line":100,"column":null}},"type":"cond-expr","locations":[{"start":{"line":100,"column":54},"end":{"line":100,"column":72}},{"start":{"line":100,"column":72},"end":{"line":100,"column":null}}],"line":100},"8":{"loc":{"start":{"line":101,"column":12},"end":{"line":101,"column":null}},"type":"if","locations":[{"start":{"line":101,"column":12},"end":{"line":101,"column":null}},{"start":{},"end":{}}],"line":101},"9":{"loc":{"start":{"line":134,"column":12},"end":{"line":134,"column":null}},"type":"if","locations":[{"start":{"line":134,"column":12},"end":{"line":134,"column":null}},{"start":{},"end":{}}],"line":134},"10":{"loc":{"start":{"line":139,"column":8},"end":{"line":139,"column":null}},"type":"if","locations":[{"start":{"line":139,"column":8},"end":{"line":139,"column":null}},{"start":{},"end":{}}],"line":139},"11":{"loc":{"start":{"line":139,"column":12},"end":{"line":139,"column":75}},"type":"binary-expr","locations":[{"start":{"line":139,"column":12},"end":{"line":139,"column":32}},{"start":{"line":139,"column":32},"end":{"line":139,"column":45}},{"start":{"line":139,"column":45},"end":{"line":139,"column":75}}],"line":139},"12":{"loc":{"start":{"line":141,"column":28},"end":{"line":141,"column":null}},"type":"cond-expr","locations":[{"start":{"line":141,"column":45},"end":{"line":141,"column":71}},{"start":{"line":141,"column":71},"end":{"line":141,"column":null}}],"line":141},"13":{"loc":{"start":{"line":142,"column":26},"end":{"line":142,"column":null}},"type":"cond-expr","locations":[{"start":{"line":142,"column":43},"end":{"line":142,"column":71}},{"start":{"line":142,"column":71},"end":{"line":142,"column":null}}],"line":142},"14":{"loc":{"start":{"line":145,"column":8},"end":{"line":148,"column":null}},"type":"if","locations":[{"start":{"line":145,"column":8},"end":{"line":148,"column":null}},{"start":{},"end":{}}],"line":145},"15":{"loc":{"start":{"line":145,"column":12},"end":{"line":145,"column":72}},"type":"binary-expr","locations":[{"start":{"line":145,"column":12},"end":{"line":145,"column":40}},{"start":{"line":145,"column":40},"end":{"line":145,"column":72}}],"line":145},"16":{"loc":{"start":{"line":167,"column":8},"end":{"line":169,"column":null}},"type":"if","locations":[{"start":{"line":167,"column":8},"end":{"line":169,"column":null}},{"start":{},"end":{}}],"line":167},"17":{"loc":{"start":{"line":167,"column":12},"end":{"line":167,"column":70}},"type":"binary-expr","locations":[{"start":{"line":167,"column":12},"end":{"line":167,"column":40}},{"start":{"line":167,"column":40},"end":{"line":167,"column":70}}],"line":167},"18":{"loc":{"start":{"line":194,"column":30},"end":{"line":194,"column":73}},"type":"cond-expr","locations":[{"start":{"line":194,"column":56},"end":{"line":194,"column":71}},{"start":{"line":194,"column":71},"end":{"line":194,"column":73}}],"line":194},"19":{"loc":{"start":{"line":195,"column":30},"end":{"line":195,"column":106}},"type":"cond-expr","locations":[{"start":{"line":195,"column":52},"end":{"line":195,"column":104}},{"start":{"line":195,"column":104},"end":{"line":195,"column":106}}],"line":195},"20":{"loc":{"start":{"line":198,"column":44},"end":{"line":198,"column":null}},"type":"binary-expr","locations":[{"start":{"line":198,"column":44},"end":{"line":198,"column":58}},{"start":{"line":198,"column":58},"end":{"line":198,"column":null}}],"line":198},"21":{"loc":{"start":{"line":200,"column":39},"end":{"line":200,"column":null}},"type":"binary-expr","locations":[{"start":{"line":200,"column":39},"end":{"line":200,"column":53}},{"start":{"line":200,"column":53},"end":{"line":200,"column":null}}],"line":200},"22":{"loc":{"start":{"line":204,"column":21},"end":{"line":205,"column":null}},"type":"binary-expr","locations":[{"start":{"line":204,"column":21},"end":{"line":204,"column":null}},{"start":{"line":205,"column":24},"end":{"line":205,"column":null}}],"line":204},"23":{"loc":{"start":{"line":210,"column":30},"end":{"line":210,"column":133}},"type":"cond-expr","locations":[{"start":{"line":210,"column":83},"end":{"line":210,"column":119}},{"start":{"line":210,"column":119},"end":{"line":210,"column":133}}],"line":210},"24":{"loc":{"start":{"line":210,"column":30},"end":{"line":210,"column":83}},"type":"binary-expr","locations":[{"start":{"line":210,"column":30},"end":{"line":210,"column":62}},{"start":{"line":210,"column":62},"end":{"line":210,"column":83}}],"line":210},"25":{"loc":{"start":{"line":211,"column":30},"end":{"line":211,"column":85}},"type":"cond-expr","locations":[{"start":{"line":211,"column":42},"end":{"line":211,"column":69}},{"start":{"line":211,"column":69},"end":{"line":211,"column":85}}],"line":211},"26":{"loc":{"start":{"line":212,"column":30},"end":{"line":212,"column":89}},"type":"cond-expr","locations":[{"start":{"line":212,"column":61},"end":{"line":212,"column":87}},{"start":{"line":212,"column":87},"end":{"line":212,"column":89}}],"line":212},"27":{"loc":{"start":{"line":215,"column":28},"end":{"line":215,"column":null}},"type":"if","locations":[{"start":{"line":215,"column":28},"end":{"line":215,"column":null}},{"start":{},"end":{}}],"line":215},"28":{"loc":{"start":{"line":221,"column":124},"end":{"line":221,"column":204}},"type":"cond-expr","locations":[{"start":{"line":221,"column":155},"end":{"line":221,"column":181}},{"start":{"line":221,"column":181},"end":{"line":221,"column":204}}],"line":221},"29":{"loc":{"start":{"line":222,"column":29},"end":{"line":222,"column":null}},"type":"cond-expr","locations":[{"start":{"line":222,"column":41},"end":{"line":222,"column":89}},{"start":{"line":222,"column":89},"end":{"line":222,"column":null}}],"line":222},"30":{"loc":{"start":{"line":227,"column":25},"end":{"line":230,"column":null}},"type":"binary-expr","locations":[{"start":{"line":227,"column":25},"end":{"line":227,"column":null}},{"start":{"line":228,"column":28},"end":{"line":230,"column":null}}],"line":227},"31":{"loc":{"start":{"line":228,"column":152},"end":{"line":228,"column":252}},"type":"cond-expr","locations":[{"start":{"line":228,"column":183},"end":{"line":228,"column":218}},{"start":{"line":228,"column":218},"end":{"line":228,"column":252}}],"line":228},"32":{"loc":{"start":{"line":234,"column":21},"end":{"line":292,"column":null}},"type":"binary-expr","locations":[{"start":{"line":234,"column":21},"end":{"line":234,"column":null}},{"start":{"line":235,"column":24},"end":{"line":292,"column":null}}],"line":234},"33":{"loc":{"start":{"line":239,"column":57},"end":{"line":239,"column":null}},"type":"binary-expr","locations":[{"start":{"line":239,"column":57},"end":{"line":239,"column":71}},{"start":{"line":239,"column":71},"end":{"line":239,"column":94}},{"start":{"line":239,"column":94},"end":{"line":239,"column":128}},{"start":{"line":239,"column":128},"end":{"line":239,"column":null}}],"line":239},"34":{"loc":{"start":{"line":243,"column":36},"end":{"line":243,"column":null}},"type":"cond-expr","locations":[{"start":{"line":243,"column":59},"end":{"line":243,"column":78}},{"start":{"line":243,"column":78},"end":{"line":243,"column":null}}],"line":243},"35":{"loc":{"start":{"line":257,"column":38},"end":{"line":259,"column":null}},"type":"cond-expr","locations":[{"start":{"line":258,"column":42},"end":{"line":258,"column":null}},{"start":{"line":259,"column":42},"end":{"line":259,"column":null}}],"line":257},"36":{"loc":{"start":{"line":261,"column":38},"end":{"line":261,"column":131}},"type":"cond-expr","locations":[{"start":{"line":261,"column":114},"end":{"line":261,"column":129}},{"start":{"line":261,"column":129},"end":{"line":261,"column":131}}],"line":261},"37":{"loc":{"start":{"line":261,"column":38},"end":{"line":261,"column":114}},"type":"binary-expr","locations":[{"start":{"line":261,"column":38},"end":{"line":261,"column":74}},{"start":{"line":261,"column":74},"end":{"line":261,"column":114}}],"line":261},"38":{"loc":{"start":{"line":264,"column":33},"end":{"line":264,"column":null}},"type":"cond-expr","locations":[{"start":{"line":264,"column":65},"end":{"line":264,"column":124}},{"start":{"line":264,"column":124},"end":{"line":264,"column":null}}],"line":264},"39":{"loc":{"start":{"line":268,"column":139},"end":{"line":268,"column":206}},"type":"cond-expr","locations":[{"start":{"line":268,"column":174},"end":{"line":268,"column":191}},{"start":{"line":268,"column":191},"end":{"line":268,"column":206}}],"line":268},"40":{"loc":{"start":{"line":327,"column":28},"end":{"line":330,"column":null}},"type":"if","locations":[{"start":{"line":327,"column":28},"end":{"line":330,"column":null}},{"start":{},"end":{}}],"line":327},"41":{"loc":{"start":{"line":327,"column":32},"end":{"line":327,"column":66}},"type":"binary-expr","locations":[{"start":{"line":327,"column":32},"end":{"line":327,"column":53}},{"start":{"line":327,"column":53},"end":{"line":327,"column":66}}],"line":327},"42":{"loc":{"start":{"line":335,"column":34},"end":{"line":335,"column":null}},"type":"binary-expr","locations":[{"start":{"line":335,"column":34},"end":{"line":335,"column":50}},{"start":{"line":335,"column":50},"end":{"line":335,"column":null}}],"line":335},"43":{"loc":{"start":{"line":342,"column":30},"end":{"line":342,"column":null}},"type":"cond-expr","locations":[{"start":{"line":342,"column":50},"end":{"line":342,"column":70}},{"start":{"line":342,"column":70},"end":{"line":342,"column":null}}],"line":342}},"s":{"0":0,"1":0,"2":0,"3":0,"4":0,"5":0,"6":0,"7":0,"8":0,"9":0,"10":0,"11":0,"12":0,"13":0,"14":0,"15":0,"16":0,"17":0,"18":0,"19":0,"20":0,"21":0,"22":0,"23":0,"24":0,"25":0,"26":0,"27":0,"28":0,"29":0,"30":0,"31":0,"32":0,"33":0,"34":0,"35":0,"36":0,"37":0,"38":0,"39":0,"40":0,"41":0,"42":0,"43":0,"44":0,"45":0,"46":0,"47":0,"48":0,"49":0,"50":0,"51":0,"52":0,"53":0,"54":0,"55":0,"56":0,"57":0,"58":0,"59":0,"60":0,"61":0,"62":0,"63":0,"64":0,"65":0,"66":0,"67":0,"68":0,"69":0,"70":0,"71":0,"72":0,"73":0,"74":0,"75":0,"76":0,"77":0,"78":0,"79":0,"80":0,"81":0,"82":0,"83":0,"84":0,"85":0,"86":0,"87":0,"88":0,"89":0,"90":0,"91":0,"92":0,"93":0,"94":0,"95":0,"96":0,"97":0,"98":0,"99":0,"100":0,"101":0,"102":0,"103":0,"104":0,"105":0,"106":0,"107":0,"108":0,"109":0,"110":0,"111":0,"112":0,"113":0,"114":0,"115":0,"116":0,"117":0,"118":0,"119":0,"120":0,"121":0,"122":0,"123":0,"124":0,"125":0},"f":{"0":0,"1":0,"2":0,"3":0,"4":0,"5":0,"6":0,"7":0,"8":0,"9":0,"10":0,"11":0,"12":0,"13":0,"14":0,"15":0,"16":0,"17":0,"18":0,"19":0,"20":0},"b":{"0":[0,0],"1":[0,0],"2":[0,0,0],"3":[0,0],"4":[0,0],"5":[0,0],"6":[0,0,0],"7":[0,0],"8":[0,0],"9":[0,0],"10":[0,0],"11":[0,0,0],"12":[0,0],"13":[0,0],"14":[0,0],"15":[0,0],"16":[0,0],"17":[0,0],"18":[0,0],"19":[0,0],"20":[0,0],"21":[0,0],"22":[0,0],"23":[0,0],"24":[0,0],"25":[0,0],"26":[0,0],"27":[0,0],"28":[0,0],"29":[0,0],"30":[0,0],"31":[0,0],"32":[0,0],"33":[0,0,0,0],"34":[0,0],"35":[0,0],"36":[0,0],"37":[0,0],"38":[0,0],"39":[0,0],"40":[0,0],"41":[0,0],"42":[0,0],"43":[0,0]},"meta":{"lastBranch":44,"lastFunction":21,"lastStatement":126,"seen":{"s:22:59:347:Infinity":0,"f:22:59:22:60":0,"s:31:46:31:Infinity":1,"s:32:44:32:Infinity":2,"s:34:27:37:Infinity":3,"f:34:27:34:33":1,"s:35:8:35:Infinity":4,"s:36:8:36:Infinity":5,"s:40:28:46:Infinity":6,"f:40:28:40:29":2,"s:41:8:41:Infinity":7,"s:42:8:42:Infinity":8,"s:43:8:43:Infinity":9,"s:44:8:44:Infinity":10,"s:45:8:45:Infinity":11,"s:48:27:51:Infinity":12,"f:48:27:48:28":3,"s:49:8:49:Infinity":13,"s:50:8:50:Infinity":14,"s:53:23:110:Infinity":15,"f:53:23:53:24":4,"s:54:8:54:Infinity":16,"s:55:8:55:Infinity":17,"s:57:28:57:Infinity":18,"s:58:8:63:Infinity":19,"s:59:24:59:Infinity":20,"b:60:12:60:Infinity:undefined:undefined:undefined:undefined":0,"s:60:12:60:Infinity":21,"s:60:21:60:Infinity":22,"s:62:12:62:Infinity":23,"b:66:8:96:Infinity:undefined:undefined:undefined:undefined":1,"s:66:8:96:Infinity":24,"b:66:12:66:31:66:31:66:43:66:43:66:73":2,"s:67:33:67:Infinity":25,"b:67:50:67:76:67:76:67:Infinity":3,"s:68:31:68:Infinity":26,"b:68:48:68:76:68:76:68:Infinity":4,"s:70:31:70:Infinity":27,"s:73:33:73:Infinity":28,"s:74:13:74:Infinity":29,"s:77:36:77:Infinity":30,"s:80:13:80:Infinity":31,"s:83:33:83:Infinity":32,"s:84:13:84:Infinity":33,"s:87:13:87:Infinity":34,"s:88:13:88:Infinity":35,"s:90:13:90:Infinity":36,"s:91:13:91:Infinity":37,"s:94:13:94:Infinity":38,"s:95:13:95:Infinity":39,"b:99:8:109:Infinity:undefined:undefined:undefined:undefined":5,"s:99:8:109:Infinity":40,"b:99:12:99:41:99:41:99:53:99:53:99:81":6,"s:100:27:100:Infinity":41,"b:100:54:100:72:100:72:100:Infinity":7,"b:101:12:101:Infinity:undefined:undefined:undefined:undefined":8,"s:101:12:101:Infinity":42,"s:101:43:101:Infinity":43,"s:103:30:103:Infinity":44,"s:104:33:104:Infinity":45,"s:105:12:105:Infinity":46,"s:107:12:107:Infinity":47,"s:108:12:108:Infinity":48,"s:113:35:119:Infinity":49,"f:113:35:113:36":5,"s:114:8:114:Infinity":50,"s:115:8:115:Infinity":51,"s:116:8:116:Infinity":52,"s:117:8:117:Infinity":53,"s:118:8:118:Infinity":54,"s:121:34:125:Infinity":55,"f:121:34:121:35":6,"s:122:8:122:Infinity":56,"s:123:8:123:Infinity":57,"s:124:8:124:Infinity":58,"s:127:30:178:Infinity":59,"f:127:30:127:31":7,"s:128:8:128:Infinity":60,"s:129:8:129:Infinity":61,"s:131:28:131:Infinity":62,"s:132:8:137:Infinity":63,"s:133:24:133:Infinity":64,"b:134:12:134:Infinity:undefined:undefined:undefined:undefined":9,"s:134:12:134:Infinity":65,"s:134:21:134:Infinity":66,"s:136:12:136:Infinity":67,"b:139:8:139:Infinity:undefined:undefined:undefined:undefined":10,"s:139:8:139:Infinity":68,"b:139:12:139:32:139:32:139:45:139:45:139:75":11,"s:139:75:139:Infinity":69,"s:141:28:141:Infinity":70,"b:141:45:141:71:141:71:141:Infinity":12,"s:142:26:142:Infinity":71,"b:142:43:142:71:142:71:142:Infinity":13,"b:145:8:148:Infinity:undefined:undefined:undefined:undefined":14,"s:145:8:148:Infinity":72,"b:145:12:145:40:145:40:145:72":15,"s:146:13:146:Infinity":73,"s:147:13:147:Infinity":74,"s:150:26:150:Infinity":75,"s:153:28:153:Infinity":76,"s:154:8:154:Infinity":77,"s:157:31:157:Infinity":78,"s:158:8:158:Infinity":79,"s:161:28:161:Infinity":80,"s:162:8:162:Infinity":81,"s:165:29:165:Infinity":82,"b:167:8:169:Infinity:undefined:undefined:undefined:undefined":16,"s:167:8:169:Infinity":83,"b:167:12:167:40:167:40:167:70":17,"s:168:13:168:Infinity":84,"s:172:8:172:Infinity":85,"s:173:8:173:Infinity":86,"s:175:8:175:Infinity":87,"s:176:8:176:Infinity":88,"s:177:8:177:Infinity":89,"s:180:4:345:Infinity":90,"f:185:39:185:40":8,"s:186:38:186:Infinity":91,"s:188:48:188:Infinity":92,"s:190:20:294:Infinity":93,"b:194:56:194:71:194:71:194:73":18,"b:195:52:195:104:195:104:195:106":19,"f:198:37:198:38":9,"s:198:44:198:Infinity":94,"b:198:44:198:58:198:58:198:Infinity":20,"f:200:32:200:33":10,"s:200:39:200:Infinity":95,"b:200:39:200:53:200:53:200:Infinity":21,"b:204:21:204:Infinity:205:24:205:Infinity":22,"b:210:83:210:119:210:119:210:133":23,"b:210:30:210:62:210:62:210:83":24,"b:211:42:211:69:211:69:211:85":25,"b:212:61:212:87:212:87:212:89":26,"f:214:33:214:39":11,"b:215:28:215:Infinity:undefined:undefined:undefined:undefined":27,"s:215:28:215:Infinity":96,"s:215:43:215:Infinity":97,"s:216:28:216:Infinity":98,"s:217:28:217:Infinity":99,"s:218:28:218:Infinity":100,"b:221:155:221:181:221:181:221:204":28,"b:222:41:222:89:222:89:222:Infinity":29,"b:227:25:227:Infinity:228:28:230:Infinity":30,"b:228:183:228:218:228:218:228:252":31,"b:234:21:234:Infinity:235:24:292:Infinity":32,"f:236:44:236:45":12,"s:238:47:238:Infinity":101,"s:239:57:239:Infinity":102,"b:239:57:239:71:239:71:239:94:239:94:239:128:239:128:239:Infinity":33,"s:241:28:271:Infinity":103,"b:243:59:243:78:243:78:243:Infinity":34,"f:246:45:246:46":13,"s:246:52:246:Infinity":104,"f:248:40:248:41":14,"s:248:47:248:Infinity":105,"f:249:43:249:44":15,"s:249:52:249:73":106,"s:249:73:249:91":107,"f:250:41:250:42":16,"s:251:36:251:Infinity":108,"s:252:36:252:Infinity":109,"s:253:36:253:Infinity":110,"b:258:42:258:Infinity:259:42:259:Infinity":35,"b:261:114:261:129:261:129:261:131":36,"b:261:38:261:74:261:74:261:114":37,"b:264:65:264:124:264:124:264:Infinity":38,"b:268:174:268:191:268:191:268:206":39,"f:274:37:274:38":17,"s:275:32:275:Infinity":111,"s:276:49:276:Infinity":112,"s:277:66:282:Infinity":113,"s:283:47:283:Infinity":114,"s:284:32:284:Infinity":115,"s:285:32:285:Infinity":116,"s:286:32:286:Infinity":117,"f:298:29:298:35":18,"s:299:41:299:Infinity":118,"s:300:56:304:Infinity":119,"s:305:24:305:Infinity":120,"s:306:24:306:Infinity":121,"f:323:34:323:35":19,"s:323:41:323:Infinity":122,"f:326:35:326:36":20,"b:327:28:330:Infinity:undefined:undefined:undefined:undefined":40,"s:327:28:330:Infinity":123,"b:327:32:327:53:327:53:327:66":41,"s:328:32:328:Infinity":124,"s:329:32:329:Infinity":125,"b:335:34:335:50:335:50:335:Infinity":42,"b:342:50:342:70:342:70:342:Infinity":43}}}
[...]
":{"loc":{"start":{"line":341,"column":4},"end":{"line":350,"column":null}},"type":"if","locations":[{"start":{"line":341,"column":4},"end":{"line":350,"column":null}},{"start":{"line":344,"column":4},"end":{"line":350,"column":null}}],"line":341},"90":{"loc":{"start":{"line":342,"column":16},"end":{"line":342,"column":null}},"type":"binary-expr","locations":[{"start":{"line":342,"column":16},"end":{"line":342,"column":42}},{"start":{"line":342,"column":42},"end":{"line":342,"column":null}}],"line":342},"91":{"loc":{"start":{"line":344,"column":4},"end":{"line":350,"column":null}},"type":"if","locations":[{"start":{"line":344,"column":4},"end":{"line":350,"column":null}},{"start":{},"end":{}}],"line":344},"92":{"loc":{"start":{"line":346,"column":20},"end":{"line":346,"column":null}},"type":"cond-expr","locations":[{"start":{"line":346,"column":26},"end":{"line":346,"column":66}},{"start":{"line":346,"column":66},"end":{"line":346,"column":null}}],"line":346},"93":{"loc":{"start":{"line":347,"column":16},"end":{"line":347,"column":null}},"type":"binary-expr","locations":[{"start":{"line":347,"column":16},"end":{"line":347,"column":37}},{"start":{"line":347,"column":37},"end":{"line":347,"column":null}}],"line":347},"94":{"loc":{"start":{"line":349,"column":30},"end":{"line":349,"column":57}},"type":"cond-expr","locations":[{"start":{"line":349,"column":35},"end":{"line":349,"column":46}},{"start":{"line":349,"column":46},"end":{"line":349,"column":57}}],"line":349},"95":{"loc":{"start":{"line":357,"column":4},"end":{"line":374,"column":null}},"type":"if","locations":[{"start":{"line":357,"column":4},"end":{"line":374,"column":null}},{"start":{"line":360,"column":11},"end":{"line":374,"column":null}}],"line":357},"96":{"loc":{"start":{"line":364,"column":27},"end":{"line":364,"column":null}},"type":"cond-expr","locations":[{"start":{"line":364,"column":51},"end":{"line":364,"column":72}},{"start":{"line":364,"column":72},"end":{"line":364,"column":null}}],"line":364},"97":{"loc":{"start":{"line":367,"column":6},"end":{"line":372,"column":null}},"type":"switch","locations":[{"start":{"line":368,"column":8},"end":{"line":368,"column":null}},{"start":{"line":369,"column":8},"end":{"line":369,"column":null}},{"start":{"line":370,"column":8},"end":{"line":370,"column":null}},{"start":{"line":371,"column":8},"end":{"line":371,"column":null}}],"line":367},"98":{"loc":{"start":{"line":371,"column":27},"end":{"line":371,"column":57}},"type":"cond-expr","locations":[{"start":{"line":371,"column":39},"end":{"line":371,"column":54}},{"start":{"line":371,"column":54},"end":{"line":371,"column":57}}],"line":371},"99":{"loc":{"start":{"line":385,"column":2},"end":{"line":385,"column":null}},"type":"if","locations":[{"start":{"line":385,"column":2},"end":{"line":385,"column":null}},{"start":{},"end":{}}],"line":385},"100":{"loc":{"start":{"line":388,"column":2},"end":{"line":388,"column":null}},"type":"if","locations":[{"start":{"line":388,"column":2},"end":{"line":388,"column":null}},{"start":{},"end":{}}],"line":388},"101":{"loc":{"start":{"line":391,"column":2},"end":{"line":391,"column":null}},"type":"if","locations":[{"start":{"line":391,"column":2},"end":{"line":391,"column":null}},{"start":{},"end":{}}],"line":391}},"s":{"0":2,"1":0,"2":0,"3":2,"4":23,"5":23,"6":23,"7":0,"8":23,"9":0,"10":0,"11":0,"12":0,"13":0,"14":0,"15":0,"16":0,"17":0,"18":0,"19":0,"20":0,"21":0,"22":0,"23":23,"24":23,"25":0,"26":23,"27":23,"28":23,"29":10,"30":0,"31":10,"32":10,"33":23,"34":10,"35":2,"36":2,"37":1,"38":3,"39":3,"40":3,"41":1,"42":2,"43":2,"44":2,"45":2,"46":1,"47":1,"48":2,"49":1,"50":0,"51":2,"52":3,"53":0,"54":3,"55":3,"56":3,"57":0,"58":3,"59":6,"60":3,"61":0,"62":3,"63":3,"64":2,"65":4,"66":1,"67":2,"68":2,"69":3,"70":0,"71":3,"72":3,"73":3,"74":7,"75":1,"76":0,"77":1,"78":6,"79":6,"80":0,"81":6,"82":6,"83":0,"84":6,"85":6,"86":2,"87":4,"88":4,"89":0,"90":3,"91":3,"92":11,"93":11,"94":4,"95":7,"96":7,"97":3,"98":3,"99":4,"100":1,"101":1,"102":1,"103":1,"104":3,"105":3,"106":1,"107":1,"108":0,"109":0,"110":2,"111":2,"112":0,"113":0,"114":3,"115":0,"116":3,"117":2,"118":0,"119":0,"120":0,"121":0,"122":0,"123":2,"124":0,"125":0,"126":0,"127":0,"128":0,"129":2,"130":0,"131":0,"132":0,"133":0,"134":0,"135":2,"136":2,"137":0,"138":0,"139":0,"140":0,"141":0,"142":2,"143":0,"144":0,"145":0,"146":0,"147":0,"148":0,"149":0,"150":0,"151":0,"152":0,"153":0,"154":0,"155":0,"156":0,"157":0,"158":0,"159":0,"160":0,"161":0,"162":2,"163":2,"164":1,"165":1,"166":2,"167":2,"168":1,"169":0,"170":0,"171":0,"172":0,"173":0,"174":0,"175":0,"176":0,"177":0,"178":0,"179":0,"180":0,"181":0,"182":0,"183":0,"184":0,"185":0,"186":0,"187":0,"188":0,"189":0,"190":0,"191":0,"192":0,"193":0,"194":0,"195":0,"196":0,"197":0,"198":0,"199":0,"200":0,"201":0,"202":2,"203":0,"204":0,"205":0,"206":0,"207":0,"208":0,"209":0,"210":0,"211":0,"212":0,"213":0,"214":0,"215":0,"216":2,"217":0,"218":0,"219":0,"220":0,"221":0,"222":0,"223":0,"224":0,"225":0,"226":0,"227":0,"228":0,"229":0,"230":0,"231":0,"232":0,"233":0,"234":0,"235":0,"236":0,"237":0,"238":0,"239":0,"240":0,"241":0,"242":0,"243":0,"244":0,"245":0,"246":0,"247":0,"248":0,"249":0,"250":0,"251":0,"252":0,"253":0,"254":0,"255":2,"256":0,"257":0,"258":0,"259":0,"260":0,"261":0,"262":0,"263":0,"264":0},"f":{"0":0,"1":0,"2":23,"3":10,"4":3,"5":6,"6":0,"7":4,"8":2,"9":3,"10":7,"11":0,"12":0,"13":0,"14":0,"15":0,"16":2,"17":0,"18":0,"19":0,"20":0,"21":0,"22":0,"23":0,"24":0,"25":0,"26":0,"27":0,"28":0},"b":{"0":[0,23],"1":[0,23],"2":[0,0],"3":[0,0],"4":[0,0],"5":[0,0],"6":[0,0],"7":[0,0],"8":[0,0],"9":[0,23],"10":[23,0],"11":[22,1],"12":[23,23],"13":[23,0],"14":[23,23],"15":[0,10],"16":[0,10],"17":[10,2,2,1,3,2,2,1,0],"18":[1,2],"19":[3,3,3,1],"20":[1,1],"21":[2,2,2,1],"22":[2,2,1,0,0],"23":[1,1,1,1,0],"24":[0,3],"25":[3,0],"26":[3,3],"27":[0,3],"28":[3,0],"29":[2,1],"30":[0,3],"31":[3,3],"32":[1,6],"33":[0,1],"34":[1,0],"35":[6,0],"36":[0,6],"37":[0,6],"38":[6,6,6],"39":[2,4],"40":[6,6],"41":[4,0],"42":[4,7],"43":[3,4],"44":[7,3],"45":[1,3],"46":[4,1],"47":[1,0],"48":[3,0],"49":[3,3],"50":[1,0,2,0],"51":[0,0],"52":[0,3],"53":[0,0],"54":[0,0],"55":[0,0],"56":[0,0],"57":[0,0],"58":[0,0],"59":[0,0,0,0],"60":[0,0],"61":[0,0],"62":[0,0],"63":[0,0,0],"64":[0,0,0,0,0,0,0],"65":[0,0],"66":[0,0],"67":[0,0],"68":[0,0],"69":[0,0],"70":[0,0],"71":[0,0],"72":[1,1],"73":[1,0],"74":[2,1],"75":[1,1],"76":[2,1],"77":[0,0],"78":[0,0,0,0,0,0,0,0],"79":[0,0],"80":[0,0],"81":[0,0],"82":[0,0],"83":[0,0],"84":[0,0],"85":[0,0],"86":[0,0],"87":[0,0],"88":[0,0],"89":[0,0],"90":[0,0],"91":[0,0],"92":[0,0],"93":[0,0],"94":[0,0],"95":[0,0],"96":[0,0],"97":[0,0,0,0],"98":[0,0],"99":[0,0],"100":[0,0],"101":[0,0]},"meta":{"lastBranch":102,"lastFunction":29,"lastStatement":265,"seen":{"s:4:26:9:Infinity":0,"f:4:26:4:27":0,"s:5:2:8:Infinity":1,"f:7:34:7:35":1,"s:7:46:7:63":2,"s:11:33:91:Infinity":3,"f:11:33:11:34":2,"s:12:14:12:Infinity":4,"s:13:22:13:Infinity":5,"b:16:2:18:Infinity:undefined:undefined:undefined:undefined":0,"s:16:2:18:Infinity":6,"s:17:4:17:Infinity":7,"b:21:2:40:Infinity:undefined:undefined:undefined:undefined":1,"s:21:2:40:Infinity":8,"s:22:22:22:Infinity":9,"b:25:4:25:Infinity:undefined:undefined:undefined:undefined":2,"s:25:4:25:Infinity":10,"s:25:43:25:Infinity":11,"b:26:4:26:Infinity:undefined:undefined:undefined:undefined":3,"s:26:4:26:Infinity":12,"s:26:49:26:Infinity":13,"b:29:4:29:Infinity:undefined:undefined:undefined:undefined":4,"s:29:4:29:Infinity":14,"s:29:42:29:Infinity":15,"b:30:4:30:Infinity:undefined:undefined:undefined:undefined":5,"s:30:4:30:Infinity":16,"s:30:45:30:Infinity":17,"b:33:4:33:Infinity:undefined:undefined:undefined:undefined":6,"s:33:4:33:Infinity":18,"s:33:41:33:Infinity":19,"b:33:48:33:70:33:70:33:Infinity":7,"b:36:4:36:Infinity:undefined:undefined:undefined:undefined":8,"s:36:4:36:Infinity":20,"s:36:44:36:Infinity":21,"s:39:4:39:Infinity":22,"s:43:21:43:Infinity":23,"b:44:2:46:Infinity:undefined:undefined:undefined:undefined":9,"s:44:2:46:Infinity":24,"b:44:6:44:43:44:43:44:80":10,"s:45:4:45:Infinity":25,"s:49:17:49:Infinity":26,"b:49:64:49:72:49:72:49:74":11,"b:49:24:49:47:49:47:49:64":12,"s:50:20:50:Infinity":27,"b:50:81:50:96:50:96:50:98":13,"b:50:27:50:57:50:57:50:81":14,"s:53:21:57:Infinity":28,"f:53:21:53:22":3,"b:54:4:54:Infinity:undefined:undefined:undefined:undefined":15,"s:54:4:54:Infinity":29,"s:54:12:54:Infinity":30,"s:55:14:55:Infinity":31,"s:56:4:56:Infinity":32,"b:56:32:56:39:56:39:56:Infinity":16,"b:60:4:61:Infinity:62:4:63:Infinity:64:4:65:Infinity:66:4:67:Infinity:68:4:75:Infinity:76:4:83:Infinity:84:4:85:Infinity:86:4:87:Infinity:88:4:89:Infinity":17,"s:59:2:90:Infinity":33,"s:61:6:61:Infinity":34,"s:63:6:63:Infinity":35,"s:65:6:65:Infinity":36,"s:67:6:67:Infinity":37,"s:70:17:70:Infinity":38,"s:71:17:71:Infinity":39,"b:72:6:74:Infinity:undefined:undefined:undefined:undefined":18,"s:72:6:74:Infinity":40,"b:72:10:72:16:72:16:72:22:72:22:72:53:72:53:72:89":19,"s:73:8:73:Infinity":41,"s:75:6:75:Infinity":42,"s:78:17:78:Infinity":43,"s:79:17:79:Infinity":44,"b:80:6:82:Infinity:undefined:undefined:undefined:undefined":20,"s:80:6:82:Infinity":45,"b:80:10:80:16:80:16:80:22:80:22:80:53:80:53:80:89":21,"s:81:8:81:Infinity":46,"s:83:6:83:Infinity":47,"s:85:6:85:Infinity":48,"b:85:13:85:36:85:36:85:52:85:52:85:71:85:71:85:95:85:95:85:Infinity":22,"s:87:6:87:Infinity":49,"b:87:13:87:36:87:36:87:52:87:52:87:71:87:71:87:96:87:96:87:Infinity":23,"s:89:6:89:Infinity":50,"s:93:34:115:Infinity":51,"f:93:34:93:35":4,"b:94:2:94:Infinity:undefined:undefined:undefined:undefined":24,"s:94:2:94:Infinity":52,"s:94:14:94:Infinity":53,"s:97:21:97:Infinity":54,"b:97:21:97:41:97:41:97:Infinity":25,"s:98:17:98:Infinity":55,"b:98:17:98:33:98:33:98:Infinity":26,"b:100:2:100:Infinity:undefined:undefined:undefined:undefined":27,"s:100:2:100:Infinity":56,"b:100:6:100:33:100:33:100:54":28,"s:100:54:100:Infinity":57,"s:103:27:103:Infinity":58,"f:103:42:103:47":5,"s:103:47:103:77":59,"s:106:23:106:Infinity":60,"f:106:34:106:39":6,"s:106:39:106:70":61,"s:108:21:108:Infinity":62,"b:110:2:114:Infinity:112:9:114:Infinity":29,"s:110:2:114:Infinity":63,"s:111:4:111:Infinity":64,"f:111:28:111:33":7,"s:111:33:111:43":65,"s:113:4:113:Infinity":66,"f:113:27:113:32":8,"s:113:32:113:42":67,"s:117:35:188:Infinity":68,"f:117:35:117:36":9,"b:118:2:118:Infinity:undefined:undefined:undefined:undefined":30,"s:118:2:118:Infinity":69,"b:118:6:118:16:118:16:118:36":31,"s:118:36:118:Infinity":70,"s:120:30:120:Infinity":71,"s:121:24:121:Infinity":72,"s:124:19:145:Infinity":73,"f:124:19:124:20":10,"b:125:4:143:Infinity:128:4:143:Infinity":32,"s:125:4:143:Infinity":74,"b:126:6:126:Infinity:undefined:undefined:undefined:undefined":33,"s:126:6:126:Infinity":75,"s:126:34:126:Infinity":76,"s:127:6:127:Infinity":77,"b:127:13:127:39:127:39:127:Infinity":34,"b:128:4:143:Infinity:undefined:undefined:undefined:undefined":35,"s:128:4:143:Infinity":78,"b:129:6:129:Infinity:undefined:undefined:undefined:undefined":36,"s:129:6:129:Infinity":79,"s:129:34:129:Infinity":80,"s:131:18:131:Infinity":81,"b:132:6:132:Infinity:undefined:undefined:undefined:undefined":37,"s:132:6:132:Infinity":82,"b:132:10:132:31:132:31:132:47:132:47:132:59":38,"s:132:59:132:Infinity":83,"s:135:22:135:Infinity":84,"b:136:6:138:Infinity:undefined:undefined:undefined:undefined":39,"s:136:6:138:Infinity":85,"b:136:10:136:39:136:39:136:66":40,"s:137:8:137:Infinity":86,"s:141:20:141:Infinity":87,"s:142:6:142:Infinity":88,"b:142:13:142:34:142:34:142:Infinity":41,"s:144:4:144:Infinity":89,"s:147:2:180:Infinity":90,"s:147:15:147:18":91,"s:148:17:148:Infinity":92,"b:150:4:179:Infinity:152:11:179:Infinity":42,"s:150:4:179:Infinity":93,"s:151:6:151:Infinity":94,"s:153:18:153:Infinity":95,"b:156:6:159:Infinity:undefined:undefined:undefined:undefined":43,"s:156:6:159:Infinity":96,"b:156:10:156:26:156:26:156:51":44,"s:157:8:157:Infinity":97,"s:158:8:158:Infinity":98,"b:162:6:178:Infinity:170:6:178:Infinity":45,"s:162:6:178:Infinity":99,"b:162:10:162:36:162:36:162:57":46,"b:163:8:168:Infinity:undefined:undefined:undefined:undefined":47,"s:163:8:168:Infinity":100,"s:165:27:165:Infinity":101,"s:166:27:166:Infinity":102,"s:167:10:167:Infinity":103,"b:170:6:178:Infinity:undefined:undefined:undefined:undefined":48,"s:170:6:178:Infinity":104,"b:170:17:170:47:170:47:170:72":49,"b:173:10:173:Infinity:174:10:174:Infinity:175:10:175:Infinity:176:10:176:Infinity":50,"s:172:8:177:Infinity":105,"s:173:20:173:35":106,"s:173:35:173:Infinity":107,"s:174:20:174:35":108,"s:174:35:174:Infinity":109,"s:175:20:175:35":110,"s:175:35:175:Infinity":111,"s:176:20:176:59":112,"b:176:41:176:56:176:56:176:59":51,"s:176:59:176:Infinity":113,"b:182:2:184:Infinity:undefined:undefined:undefined:undefined":52,"s:182:2:184:Infinity":114,"s:183:4:183:Infinity":115,"s:187:2:187:Infinity":116,"s:190:32:195:Infinity":117,"f:190:32:190:33":11,"b:191:2:191:Infinity:undefined:undefined:undefined:undefined":53,"s:191:2:191:Infinity":118,"s:191:22:191:Infinity":119,"b:193:2:193:Infinity:undefined:undefined:undefined:undefined":54,"s:193:2:193:Infinity":120,"s:193:27:193:Infinity":121,"s:194:2:194:Infinity":122,"s:197:32:201:Infinity":123,"f:197:32:197:33":12,"b:198:2:198:Infinity:undefined:undefined:undefined:undefined":55,"s:198:2:198:Infinity":124,"s:198:22:198:Infinity":125,"b:199:2:199:Infinity:undefined:undefined:undefined:undefined":56,"s:199:2:199:Infinity":126,"s:199:27:199:Infinity":127,"s:200:2:200:Infinity":128,"s:203:33:207:Infinity":129,"f:203:33:203:34":13,"b:204:2:204:Infinity:undefined:undefined:undefined:undefined":57,"s:204:2:204:Infinity":130,"s:204:24:204:Infinity":131,"b:205:2:205:Infinity:undefined:undefined:undefined:undefined":58,"s:205:2:205:Infinity":132,"s:205:30:205:Infinity":133,"s:206:2:206:Infinity":134,"s:209:35:213:Infinity":135,"s:215:40:222:Infinity":136,"f:215:40:215:41":14,"b:217:4:217:Infinity:218:4:218:Infinity:219:4:219:Infinity:220:4:220:Infinity":59,"s:216:2:221:Infinity":137,"s:217:18:217:Infinity":138,"s:218:21:218:Infinity":139,"s:219:20:219:Infinity":140,"s:220:13:220:Infinity":141,"s:224:29:250:Infinity":142,"f:224:29:224:30":15,"b:225:2:225:Infinity:undefined:undefined:undefined:undefined":60,"s:225:2:225:Infinity":143,"b:225:6:225:29:225:29:225:65":61,"s:225:65:225:Infinity":144,"b:226:2:226:Infinity:undefined:undefined:undefined:undefined":62,"s:226:2:226:Infinity":145,"b:226:6:226:29:226:29:226:47:226:47:226:61":63,"s:226:61:226:Infinity":146,"s:228:17:228:Infinity":147,"b:231:4:232:Infinity:233:4:234:Infinity:235:4:236:Infinity:237:4:240:Infinity:241:4:244:Infinity:245:4:246:Infinity:247:4:248:Infinity":64,"s:230:2:249:Infinity":148,"s:232:6:232:Infinity":149,"b:232:54:232:61:232:61:232:Infinity":65,"s:234:6:234:Infinity":150,"b:234:76:234:83:234:83:234:Infinity":66,"s:236:6:236:Infinity":151,"b:236:75:236:82:236:82:236:Infinity":67,"s:238:22:238:Infinity":152,"b:239:6:239:Infinity:undefined:undefined:undefined:undefined":68,"s:239:6:239:Infinity":153,"s:239:36:239:Infinity":154,"s:240:6:240:Infinity":155,"b:240:36:240:43:240:43:240:Infinity":69,"s:242:20:242:Infinity":156,"b:243:6:243:Infinity:undefined:undefined:undefined:undefined":70,"s:243:6:243:Infinity":157,"s:243:34:243:Infinity":158,"s:244:6:244:Infinity":159,"b:244:34:244:41:244:41:244:Infinity":71,"s:246:6:246:Infinity":160,"s:248:6:248:Infinity":161,"s:252:34:290:Infinity":162,"f:252:34:252:35":16,"b:253:2:253:Infinity:undefined:undefined:undefined:undefined":72,"s:253:2:253:Infinity":163,"s:253:14:253:Infinity":164,"s:255:21:255:Infinity":165,"b:255:21:255:41:255:41:255:Infinity":73,"s:256:17:256:Infinity":166,"b:256:17:256:33:256:33:256:Infinity":74,"b:258:2:258:Infinity:undefined:undefined:undefined:undefined":75,"s:258:2:258:Infinity":167,"b:258:6:258:33:258:33:258:54":76,"s:258:54:258:Infinity":168,"s:260:26:260:Infinity":169,"s:262:2:279:Infinity":170,"f:262:21:262:26":17,"s:263:15:263:Infinity":171,"f:263:32:263:37":18,"s:263:37:263:63":172,"s:264:18:264:Infinity":173,"b:264:23:264:34:264:34:264:Infinity":77,"s:265:21:265:Infinity":174,"b:267:6:267:Infinity:268:6:268:Infinity:269:6:269:Infinity:270:6:270:Infinity:271:6:271:Infinity:272:6:272:Infinity:273:6:273:Infinity:274:6:274:Infinity":78,"s:266:4:275:Infinity":175,"s:267:21:267:31":176,"s:267:31:267:Infinity":177,"s:268:24:268:35":178,"s:268:35:268:Infinity":179,"s:269:26:269:36":180,"s:269:36:269:Infinity":181,"s:270:23:270:33":182,"s:270:33:270:Infinity":183,"s:271:23:271:40":184,"s:271:40:271:Infinity":185,"s:272:29:272:54":186,"s:272:54:272:Infinity":187,"s:273:22:273:39":188,"s:273:39:273:Infinity":189,"s:274:25:274:46":190,"s:274:46:274:Infinity":191,"s:277:17:277:Infinity":192,"b:277:76:277:81:277:81:277:Infinity":79,"b:277:17:277:45:277:45:277:76":80,"s:278:4:278:Infinity":193,"b:281:2:286:Infinity:undefined:undefined:undefined:undefined":81,"s:281:2:286:Infinity":194,"s:282:4:285:Infinity":195,"f:282:19:282:24":19,"s:283:18:283:Infinity":196,"b:284:6:284:Infinity:undefined:undefined:undefined:undefined":82,"s:284:6:284:Infinity":197,"s:284:28:284:Infinity":198,"b:288:2:288:Infinity:undefined:undefined:undefined:undefined":83,"s:288:2:288:Infinity":199,"s:288:26:288:Infinity":200,"s:289:2:289:Infinity":201,"s:297:35:324:Infinity":202,"f:297:35:297:36":20,"b:298:2:298:Infinity:undefined:undefined:undefined:undefined":84,"s:298:2:298:Infinity":203,"s:298:14:298:Infinity":204,"s:300:21:300:Infinity":205,"b:300:21:300:41:300:41:300:Infinity":85,"s:301:45:301:Infinity":206,"s:304:2:317:Infinity":207,"f:304:21:304:26":21,"s:305:19:305:Infinity":208,"s:306:15:306:Infinity":209,"f:306:32:306:37":22,"s:306:37:306:63":210,"s:307:18:307:Infinity":211,"b:307:23:307:34:307:34:307:Infinity":86,"s:308:19:308:Infinity":212,"s:310:4:316:Infinity":213,"s:322:17:322:Infinity":214,"s:323:2:323:Infinity":215,"s:332:41:382:Infinity":216,"f:332:41:332:42":23,"b:333:2:333:Infinity:undefined:undefined:undefined:undefined":87,"s:333:2:333:Infinity":217,"b:333:6:333:16:333:16:333:36":88,"s:333:36:333:Infinity":218,"s:335:15:335:Infinity":219,"s:336:24:336:Infinity":220,"s:337:43:337:Infinity":221,"s:338:33:338:Infinity":222,"s:340:19:352:Infinity":223,"f:340:19:340:20":24,"b:341:4:350:Infinity:344:4:350:Infinity":89,"s:341:4:350:Infinity":224,"s:342:16:342:Infinity":225,"b:342:16:342:42:342:42:342:Infinity":90,"s:343:6:343:Infinity":226,"b:344:4:350:Infinity:undefined:undefined:undefined:undefined":91,"s:344:4:350:Infinity":227,"s:345:18:345:Infinity":228,"s:346:20:346:Infinity":229,"b:346:26:346:66:346:66:346:Infinity":92,"s:347:16:347:Infinity":230,"b:347:16:347:37:347:37:347:Infinity":93,"s:348:17:348:Infinity":231,"f:348:34:348:39":25,"s:348:39:348:58":232,"s:349:6:349:Infinity":233,"b:349:35:349:46:349:46:349:57":94,"s:351:4:351:Infinity":234,"s:354:2:375:Infinity":235,"s:354:15:354:18":236,"s:355:17:355:Infinity":237,"b:357:4:374:Infinity:360:11:374:Infinity":95,"s:357:4:374:Infinity":238,"s:358:6:358:Infinity":239,"s:359:6:359:Infinity":240,"s:361:29:361:Infinity":241,"s:364:27:364:Infinity":242,"b:364:51:364:72:364:72:364:Infinity":96,"s:365:6:365:Infinity":243,"b:368:8:368:Infinity:369:8:369:Infinity:370:8:370:Infinity:371:8:371:Infinity":97,"s:367:6:372:Infinity":244,"s:368:18:368:33":245,"s:368:33:368:Infinity":246,"s:369:18:369:33":247,"s:369:33:369:Infinity":248,"s:370:18:370:33":249,"s:370:33:370:Infinity":250,"s:371:18:371:57":251,"b:371:39:371:54:371:54:371:57":98,"s:371:57:371:Infinity":252,"s:373:6:373:Infinity":253,"s:377:2:381:Infinity":254,"s:384:29:394:Infinity":255,"f:384:29:384:30":26,"b:385:2:385:Infinity:undefined:undefined:undefined:undefined":99,"s:385:2:385:Infinity":256,"s:385:14:385:Infinity":257,"b:388:2:388:Infinity:undefined:undefined:undefined:undefined":100,"s:388:2:388:Infinity":258,"f:388:29:388:34":27,"s:388:34:388:64":259,"s:388:67:388:Infinity":260,"b:391:2:391:Infinity:undefined:undefined:undefined:undefined":101,"s:391:2:391:Infinity":261,"f:391:25:391:30":28,"s:391:30:391:56":262,"s:391:59:391:Infinity":263,"s:393:2:393:Infinity":264}}}
}
